#-----------------------------------------------------------
# Vivado v2018.2.1 (64-bit)
# SW Build 2288692 on Thu Jul 26 18:24:02 MDT 2018
# IP Build 2289599 on Thu Jul 26 21:09:20 MDT 2018
# Start of session at: Mon Oct 15 13:47:27 2018
# Process ID: 22812
# Current directory: C:/Users/Jerome/Desktop/Programming_Learning/FPGA/SoC/Projects/GPIO_uBlaze_N4/GPIO_uBlaze_N4
# Command line: vivado.exe -gui_launcher_event rodinguilauncherevent15664 C:\Users\Jerome\Desktop\Programming_Learning\FPGA\SoC\Projects\GPIO_uBlaze_N4\GPIO_uBlaze_N4\GPIO_uBlaze_N4.xpr
# Log file: C:/Users/Jerome/Desktop/Programming_Learning/FPGA/SoC/Projects/GPIO_uBlaze_N4/GPIO_uBlaze_N4/vivado.log
# Journal file: C:/Users/Jerome/Desktop/Programming_Learning/FPGA/SoC/Projects/GPIO_uBlaze_N4/GPIO_uBlaze_N4\vivado.jou
#-----------------------------------------------------------
Sourcing tcl script 'C:/Users/Jerome/AppData/Roaming/Xilinx/Vivado/Vivado_init.tcl'
start_gui
open_project C:/Users/Jerome/Desktop/Programming_Learning/FPGA/SoC/Projects/GPIO_uBlaze_N4/GPIO_uBlaze_N4/GPIO_uBlaze_N4.xpr
INFO: [ProjectBase 1-489] The host OS only allows 260 characters in a normal path. The project is stored in a path with more than 80 characters. If you experience issues with IP, Block Designs, or files not being found, please consider moving the project to a location with a shorter path. Alternately consider using the OS subst command to map part of the path to a drive letter.
Current project path is 'C:/Users/Jerome/Desktop/Programming_Learning/FPGA/SoC/Projects/GPIO_uBlaze_N4/GPIO_uBlaze_N4'
WARNING: [Board 49-91] Board repository path '{<C:UsersJeromeDesktopivado-boards-master>/vivado-boards/new/board_files}' does not exist, it will not be used to search board files.
Scanning sources...
Finished scanning sources
WARNING: [filemgmt 56-3] IP Repository Path: Could not find the directory 'C:/Users/Jerome/Desktop/Programming_Learning/FPGA/SoC/Projects/GPIO_uBlaze_N4/ip_repo/myip_1.0'.
INFO: [IP_Flow 19-234] Refreshing IP repositories
WARNING: [IP_Flow 19-2248] Failed to load user IP repository 'c:/Users/Jerome/Desktop/Programming_Learning/FPGA/SoC/Projects/GPIO_uBlaze_N4/ip_repo/myip_1.0'; Can't find the specified path.
If this directory should no longer be in your list of user repositories, go to the IP Settings dialog and remove it.
INFO: [IP_Flow 19-1700] Loaded user IP repository 'c:/Users/Jerome/Desktop/Important Temp/vivado-library-master'.
INFO: [IP_Flow 19-2313] Loaded Vivado IP repository 'C:/Xilinx/Vivado/2018.2/data/ip'.
open_project: Time (s): cpu = 00:00:20 ; elapsed = 00:00:13 . Memory (MB): peak = 923.004 ; gain = 177.531
open_bd_design {C:/Users/Jerome/Desktop/Programming_Learning/FPGA/SoC/Projects/GPIO_uBlaze_N4/GPIO_uBlaze_N4/GPIO_uBlaze_N4.srcs/sources_1/bd/uBlaze/uBlaze.bd}
Adding cell -- xilinx.com:ip:axi_uartlite:2.0 - axi_uartlite_0
Adding cell -- xilinx.com:ip:clk_wiz:6.0 - clk_wiz_0
Adding cell -- xilinx.com:ip:mdm:3.2 - mdm_1
Adding cell -- xilinx.com:ip:microblaze:10.0 - microblaze_0
Adding cell -- xilinx.com:ip:proc_sys_reset:5.0 - rst_clk_wiz_0_100M
Adding cell -- xilinx.com:ip:axi_gpio:2.0 - axi_gpio_0
Adding cell -- xilinx.com:ip:axi_gpio:2.0 - axi_gpio_1
Adding cell -- digilentinc.com:IP:PmodACL2:1.0 - PmodACL2_0
Adding cell -- xilinx.com:ip:lmb_bram_if_cntlr:4.0 - dlmb_bram_if_cntlr
Adding cell -- xilinx.com:ip:lmb_v10:3.0 - dlmb_v10
Adding cell -- xilinx.com:ip:lmb_bram_if_cntlr:4.0 - ilmb_bram_if_cntlr
Adding cell -- xilinx.com:ip:lmb_v10:3.0 - ilmb_v10
Adding cell -- xilinx.com:ip:blk_mem_gen:8.4 - lmb_bram
Adding cell -- xilinx.com:ip:axi_crossbar:2.1 - xbar
Successfully read diagram <uBlaze> from BD file <C:/Users/Jerome/Desktop/Programming_Learning/FPGA/SoC/Projects/GPIO_uBlaze_N4/GPIO_uBlaze_N4/GPIO_uBlaze_N4.srcs/sources_1/bd/uBlaze/uBlaze.bd>
open_bd_design: Time (s): cpu = 00:00:10 ; elapsed = 00:00:09 . Memory (MB): peak = 1014.324 ; gain = 85.766
update_compile_order -fileset sources_1
startgroup
delete_bd_objs [get_bd_intf_nets microblaze_0_axi_periph_M04_AXI] [get_bd_intf_nets microblaze_0_M_AXI_DP] [get_bd_intf_nets microblaze_0_axi_periph_M03_AXI] [get_bd_intf_nets microblaze_0_ilmb_1] [get_bd_intf_nets microblaze_0_axi_periph_M00_AXI] [get_bd_intf_nets microblaze_0_debug] [get_bd_intf_nets microblaze_0_axi_periph_M01_AXI] [get_bd_intf_nets PmodACL2_0_Pmod_out] [get_bd_intf_nets microblaze_0_axi_periph_M02_AXI] [get_bd_intf_nets microblaze_0_dlmb_1] [get_bd_intf_nets axi_gpio_0_GPIO] [get_bd_intf_nets axi_uartlite_0_UART] [get_bd_intf_nets axi_gpio_1_GPIO]
delete_bd_objs [get_bd_nets rst_clk_wiz_0_100M_bus_struct_reset] [get_bd_nets microblaze_0_Clk] [get_bd_nets clk_wiz_0_locked] [get_bd_nets reset_1] [get_bd_nets rst_clk_wiz_0_100M_mb_reset] [get_bd_nets sys_clock_1] [get_bd_nets mdm_1_debug_sys_rst] [get_bd_nets rst_clk_wiz_0_100M_peripheral_aresetn] [get_bd_nets rst_clk_wiz_0_100M_interconnect_aresetn]
delete_bd_objs [get_bd_intf_ports jc] [get_bd_intf_ports dip_switches_16bits] [get_bd_intf_ports usb_uart] [get_bd_intf_ports led_16bits]
delete_bd_objs [get_bd_cells microblaze_0_axi_periph] [get_bd_cells microblaze_0_local_memory]
delete_bd_objs [get_bd_ports reset] [get_bd_ports sys_clock]
delete_bd_objs [get_bd_cells PmodACL2_0] [get_bd_cells rst_clk_wiz_0_100M] [get_bd_cells mdm_1] [get_bd_cells microblaze_0] [get_bd_cells axi_gpio_0] [get_bd_cells axi_gpio_1] [get_bd_cells axi_uartlite_0] [get_bd_cells clk_wiz_0]
endgroup
################################################################
# This is a generated script based on design: uBlaze
#
# Though there are limitations about the generated script,
# the main purpose of this utility is to make learning
# IP Integrator Tcl commands easier.
################################################################
namespace eval _tcl {
proc get_script_folder {} {
   set script_path [file normalize [info script]]
   set script_folder [file dirname $script_path]
   return $script_folder
}
}
variable script_folder
set script_folder [_tcl::get_script_folder]
.
################################################################
# Check if script is running in correct Vivado version.
################################################################
set scripts_vivado_version 2018.2
2018.2
set current_vivado_version [version -short]
2018.2.1
if { [string first $scripts_vivado_version $current_vivado_version] == -1 } {
   puts ""
   catch {common::send_msg_id "BD_TCL-109" "ERROR" "This script was generated using Vivado <$scripts_vivado_version> and is being run in <$current_vivado_version> of Vivado. Please run the script in Vivado <$scripts_vivado_version> then open the design in Vivado <$current_vivado_version>. Upgrade the design by running \"Tools => Report => Report IP Status...\", then run write_bd_tcl to create an updated script."}

   return 1
}
################################################################
# START
################################################################
# To test this script, run the following commands from Vivado Tcl console:
# source uBlaze_script.tcl
# If there is no project opened, this script will create a
# project, but make sure you do not have an existing project
# <./myproj/project_1.xpr> in the current working folder.
set list_projs [get_projects -quiet]
GPIO_uBlaze_N4
if { $list_projs eq "" } {
   create_project project_1 myproj -part xc7a100tcsg324-1
   set_property BOARD_PART digilentinc.com:nexys4_ddr:part0:1.1 [current_project]
}
# CHANGE DESIGN NAME HERE
variable design_name
set design_name uBlaze
uBlaze
# If you do not already have an existing IP Integrator design open,
# you can create a design using the following command:
#    create_bd_design $design_name
# Creating design if needed
set errMsg ""
set nRet 0
0
set cur_design [current_bd_design -quiet]
uBlaze
set list_cells [get_bd_cells -quiet]
if { ${design_name} eq "" } {
   # USE CASES:
   #    1) Design_name not set

   set errMsg "Please set the variable <design_name> to a non-empty value."
   set nRet 1

} elseif { ${cur_design} ne "" && ${list_cells} eq "" } {
   # USE CASES:
   #    2): Current design opened AND is empty AND names same.
   #    3): Current design opened AND is empty AND names diff; design_name NOT in project.
   #    4): Current design opened AND is empty AND names diff; design_name exists in project.

   if { $cur_design ne $design_name } {
      common::send_msg_id "BD_TCL-001" "INFO" "Changing value of <design_name> from <$design_name> to <$cur_design> since current design is empty."
      set design_name [get_property NAME $cur_design]
   }
   common::send_msg_id "BD_TCL-002" "INFO" "Constructing design in IPI design <$cur_design>..."

} elseif { ${cur_design} ne "" && $list_cells ne "" && $cur_design eq $design_name } {
   # USE CASES:
   #    5) Current design opened AND has components AND same names.

   set errMsg "Design <$design_name> already exists in your project, please set the variable <design_name> to another value."
   set nRet 1
} elseif { [get_files -quiet ${design_name}.bd] ne "" } {
   # USE CASES: 
   #    6) Current opened design, has components, but diff names, design_name exists in project.
   #    7) No opened design, design_name exists in project.

   set errMsg "Design <$design_name> already exists in your project, please set the variable <design_name> to another value."
   set nRet 2

} else {
   # USE CASES:
   #    8) No opened design, design_name not in project.
   #    9) Current opened design, has components, but diff names, design_name not in project.

   common::send_msg_id "BD_TCL-003" "INFO" "Currently there is no design <$design_name> in project, so creating one..."

   create_bd_design $design_name

   common::send_msg_id "BD_TCL-004" "INFO" "Making design <$design_name> as current_bd_design."
   current_bd_design $design_name

}
INFO: [BD_TCL-2] Constructing design in IPI design <uBlaze>...
common::send_msg_id "BD_TCL-005" "INFO" "Currently the variable <design_name> is equal to \"$design_name\"."
INFO: [BD_TCL-5] Currently the variable <design_name> is equal to "uBlaze".
if { $nRet != 0 } {
   catch {common::send_msg_id "BD_TCL-114" "ERROR" $errMsg}
   return $nRet
}
set bCheckIPsPassed 1
1
##################################################################
# CHECK IPs
##################################################################
set bCheckIPs 1
1
if { $bCheckIPs == 1 } {
   set list_check_ips "\ 
xilinx.com:ip:axi_uartlite:2.0\
xilinx.com:ip:clk_wiz:6.0\
xilinx.com:ip:mdm:3.2\
xilinx.com:ip:microblaze:10.0\
xilinx.com:ip:proc_sys_reset:5.0\
xilinx.com:ip:lmb_bram_if_cntlr:4.0\
xilinx.com:ip:lmb_v10:3.0\
xilinx.com:ip:blk_mem_gen:8.4\
"

   set list_ips_missing ""
   common::send_msg_id "BD_TCL-006" "INFO" "Checking if the following IPs exist in the project's IP catalog: $list_check_ips ."

   foreach ip_vlnv $list_check_ips {
      set ip_obj [get_ipdefs -all $ip_vlnv]
      if { $ip_obj eq "" } {
         lappend list_ips_missing $ip_vlnv
      }
   }

   if { $list_ips_missing ne "" } {
      catch {common::send_msg_id "BD_TCL-115" "ERROR" "The following IPs are not found in the IP Catalog:\n  $list_ips_missing\n\nResolution: Please add the repository containing the IP(s) to the project." }
      set bCheckIPsPassed 0
   }

}
INFO: [BD_TCL-6] Checking if the following IPs exist in the project's IP catalog:  
xilinx.com:ip:axi_uartlite:2.0 xilinx.com:ip:clk_wiz:6.0 xilinx.com:ip:mdm:3.2 xilinx.com:ip:microblaze:10.0 xilinx.com:ip:proc_sys_reset:5.0 xilinx.com:ip:lmb_bram_if_cntlr:4.0 xilinx.com:ip:lmb_v10:3.0 xilinx.com:ip:blk_mem_gen:8.4  .
if { $bCheckIPsPassed != 1 } {
  common::send_msg_id "BD_TCL-1003" "WARNING" "Will not continue with creation of design due to the error(s) above."
  return 3
}
##################################################################
# DESIGN PROCs
##################################################################
# Hierarchical cell: microblaze_0_local_memory
proc create_hier_cell_microblaze_0_local_memory { parentCell nameHier } {

  variable script_folder

  if { $parentCell eq "" || $nameHier eq "" } {
     catch {common::send_msg_id "BD_TCL-102" "ERROR" "create_hier_cell_microblaze_0_local_memory() - Empty argument(s)!"}
     return
  }

  # Get object for parentCell
  set parentObj [get_bd_cells $parentCell]
  if { $parentObj == "" } {
     catch {common::send_msg_id "BD_TCL-100" "ERROR" "Unable to find parent cell <$parentCell>!"}
     return
  }

  # Make sure parentObj is hier blk
  set parentType [get_property TYPE $parentObj]
  if { $parentType ne "hier" } {
     catch {common::send_msg_id "BD_TCL-101" "ERROR" "Parent <$parentObj> has TYPE = <$parentType>. Expected to be <hier>."}
     return
  }

  # Save current instance; Restore later
  set oldCurInst [current_bd_instance .]

  # Set parent object as current
  current_bd_instance $parentObj

  # Create cell and set as current instance
  set hier_obj [create_bd_cell -type hier $nameHier]
  current_bd_instance $hier_obj

  # Create interface pins
  create_bd_intf_pin -mode MirroredMaster -vlnv xilinx.com:interface:lmb_rtl:1.0 DLMB
  create_bd_intf_pin -mode MirroredMaster -vlnv xilinx.com:interface:lmb_rtl:1.0 ILMB

  # Create pins
  create_bd_pin -dir I -type clk LMB_Clk
  create_bd_pin -dir I -type rst SYS_Rst

  # Create instance: dlmb_bram_if_cntlr, and set properties
  set dlmb_bram_if_cntlr [ create_bd_cell -type ip -vlnv xilinx.com:ip:lmb_bram_if_cntlr:4.0 dlmb_bram_if_cntlr ]
  set_property -dict [ list \
   CONFIG.C_ECC {0} \
 ] $dlmb_bram_if_cntlr

  # Create instance: dlmb_v10, and set properties
  set dlmb_v10 [ create_bd_cell -type ip -vlnv xilinx.com:ip:lmb_v10:3.0 dlmb_v10 ]

  # Create instance: ilmb_bram_if_cntlr, and set properties
  set ilmb_bram_if_cntlr [ create_bd_cell -type ip -vlnv xilinx.com:ip:lmb_bram_if_cntlr:4.0 ilmb_bram_if_cntlr ]
  set_property -dict [ list \
   CONFIG.C_ECC {0} \
 ] $ilmb_bram_if_cntlr

  # Create instance: ilmb_v10, and set properties
  set ilmb_v10 [ create_bd_cell -type ip -vlnv xilinx.com:ip:lmb_v10:3.0 ilmb_v10 ]

  # Create instance: lmb_bram, and set properties
  set lmb_bram [ create_bd_cell -type ip -vlnv xilinx.com:ip:blk_mem_gen:8.4 lmb_bram ]
  set_property -dict [ list \
   CONFIG.Memory_Type {True_Dual_Port_RAM} \
   CONFIG.use_bram_block {BRAM_Controller} \
 ] $lmb_bram

  # Create interface connections
  connect_bd_intf_net -intf_net microblaze_0_dlmb [get_bd_intf_pins DLMB] [get_bd_intf_pins dlmb_v10/LMB_M]
  connect_bd_intf_net -intf_net microblaze_0_dlmb_bus [get_bd_intf_pins dlmb_bram_if_cntlr/SLMB] [get_bd_intf_pins dlmb_v10/LMB_Sl_0]
  connect_bd_intf_net -intf_net microblaze_0_dlmb_cntlr [get_bd_intf_pins dlmb_bram_if_cntlr/BRAM_PORT] [get_bd_intf_pins lmb_bram/BRAM_PORTA]
  connect_bd_intf_net -intf_net microblaze_0_ilmb [get_bd_intf_pins ILMB] [get_bd_intf_pins ilmb_v10/LMB_M]
  connect_bd_intf_net -intf_net microblaze_0_ilmb_bus [get_bd_intf_pins ilmb_bram_if_cntlr/SLMB] [get_bd_intf_pins ilmb_v10/LMB_Sl_0]
  connect_bd_intf_net -intf_net microblaze_0_ilmb_cntlr [get_bd_intf_pins ilmb_bram_if_cntlr/BRAM_PORT] [get_bd_intf_pins lmb_bram/BRAM_PORTB]

  # Create port connections
  connect_bd_net -net SYS_Rst_1 [get_bd_pins SYS_Rst] [get_bd_pins dlmb_bram_if_cntlr/LMB_Rst] [get_bd_pins dlmb_v10/SYS_Rst] [get_bd_pins ilmb_bram_if_cntlr/LMB_Rst] [get_bd_pins ilmb_v10/SYS_Rst]
  connect_bd_net -net microblaze_0_Clk [get_bd_pins LMB_Clk] [get_bd_pins dlmb_bram_if_cntlr/LMB_Clk] [get_bd_pins dlmb_v10/LMB_Clk] [get_bd_pins ilmb_bram_if_cntlr/LMB_Clk] [get_bd_pins ilmb_v10/LMB_Clk]

  # Restore current instance
  current_bd_instance $oldCurInst
}
# Procedure to create entire design; Provide argument to make
# procedure reusable. If parentCell is "", will use root.
proc create_root_design { parentCell } {

  variable script_folder
  variable design_name

  if { $parentCell eq "" } {
     set parentCell [get_bd_cells /]
  }

  # Get object for parentCell
  set parentObj [get_bd_cells $parentCell]
  if { $parentObj == "" } {
     catch {common::send_msg_id "BD_TCL-100" "ERROR" "Unable to find parent cell <$parentCell>!"}
     return
  }

  # Make sure parentObj is hier blk
  set parentType [get_property TYPE $parentObj]
  if { $parentType ne "hier" } {
     catch {common::send_msg_id "BD_TCL-101" "ERROR" "Parent <$parentObj> has TYPE = <$parentType>. Expected to be <hier>."}
     return
  }

  # Save current instance; Restore later
  set oldCurInst [current_bd_instance .]

  # Set parent object as current
  current_bd_instance $parentObj


  # Create interface ports
  set usb_uart [ create_bd_intf_port -mode Master -vlnv xilinx.com:interface:uart_rtl:1.0 usb_uart ]

  # Create ports
  set reset [ create_bd_port -dir I -type rst reset ]
  set_property -dict [ list \
   CONFIG.POLARITY {ACTIVE_LOW} \
 ] $reset
  set sys_clock [ create_bd_port -dir I -type clk sys_clock ]
  set_property -dict [ list \
   CONFIG.FREQ_HZ {100000000} \
   CONFIG.PHASE {0.000} \
 ] $sys_clock

  # Create instance: axi_uartlite_0, and set properties
  set axi_uartlite_0 [ create_bd_cell -type ip -vlnv xilinx.com:ip:axi_uartlite:2.0 axi_uartlite_0 ]
  set_property -dict [ list \
   CONFIG.UARTLITE_BOARD_INTERFACE {usb_uart} \
   CONFIG.USE_BOARD_FLOW {true} \
 ] $axi_uartlite_0

  # Create instance: clk_wiz_0, and set properties
  set clk_wiz_0 [ create_bd_cell -type ip -vlnv xilinx.com:ip:clk_wiz:6.0 clk_wiz_0 ]
  set_property -dict [ list \
   CONFIG.CLK_IN1_BOARD_INTERFACE {sys_clock} \
   CONFIG.RESET_BOARD_INTERFACE {reset} \
   CONFIG.RESET_PORT {resetn} \
   CONFIG.RESET_TYPE {ACTIVE_LOW} \
   CONFIG.USE_BOARD_FLOW {true} \
 ] $clk_wiz_0

  # Create instance: mdm_1, and set properties
  set mdm_1 [ create_bd_cell -type ip -vlnv xilinx.com:ip:mdm:3.2 mdm_1 ]

  # Create instance: microblaze_0, and set properties
  set microblaze_0 [ create_bd_cell -type ip -vlnv xilinx.com:ip:microblaze:10.0 microblaze_0 ]
  set_property -dict [ list \
   CONFIG.C_DEBUG_ENABLED {1} \
   CONFIG.C_D_AXI {1} \
   CONFIG.C_D_LMB {1} \
   CONFIG.C_I_LMB {1} \
 ] $microblaze_0

  # Create instance: microblaze_0_axi_periph, and set properties
  set microblaze_0_axi_periph [ create_bd_cell -type ip -vlnv xilinx.com:ip:axi_interconnect:2.1 microblaze_0_axi_periph ]
  set_property -dict [ list \
   CONFIG.NUM_MI {1} \
 ] $microblaze_0_axi_periph

  # Create instance: microblaze_0_local_memory
  create_hier_cell_microblaze_0_local_memory [current_bd_instance .] microblaze_0_local_memory

  # Create instance: rst_clk_wiz_0_100M, and set properties
  set rst_clk_wiz_0_100M [ create_bd_cell -type ip -vlnv xilinx.com:ip:proc_sys_reset:5.0 rst_clk_wiz_0_100M ]
  set_property -dict [ list \
   CONFIG.RESET_BOARD_INTERFACE {reset} \
 ] $rst_clk_wiz_0_100M

  # Create interface connections
  connect_bd_intf_net -intf_net axi_uartlite_0_UART [get_bd_intf_ports usb_uart] [get_bd_intf_pins axi_uartlite_0/UART]
  connect_bd_intf_net -intf_net microblaze_0_M_AXI_DP [get_bd_intf_pins microblaze_0/M_AXI_DP] [get_bd_intf_pins microblaze_0_axi_periph/S00_AXI]
  connect_bd_intf_net -intf_net microblaze_0_axi_periph_M00_AXI [get_bd_intf_pins axi_uartlite_0/S_AXI] [get_bd_intf_pins microblaze_0_axi_periph/M00_AXI]
  connect_bd_intf_net -intf_net microblaze_0_debug [get_bd_intf_pins mdm_1/MBDEBUG_0] [get_bd_intf_pins microblaze_0/DEBUG]
  connect_bd_intf_net -intf_net microblaze_0_dlmb_1 [get_bd_intf_pins microblaze_0/DLMB] [get_bd_intf_pins microblaze_0_local_memory/DLMB]
  connect_bd_intf_net -intf_net microblaze_0_ilmb_1 [get_bd_intf_pins microblaze_0/ILMB] [get_bd_intf_pins microblaze_0_local_memory/ILMB]

  # Create port connections
  connect_bd_net -net clk_wiz_0_locked [get_bd_pins clk_wiz_0/locked] [get_bd_pins rst_clk_wiz_0_100M/dcm_locked]
  connect_bd_net -net mdm_1_debug_sys_rst [get_bd_pins mdm_1/Debug_SYS_Rst] [get_bd_pins rst_clk_wiz_0_100M/mb_debug_sys_rst]
  connect_bd_net -net microblaze_0_Clk [get_bd_pins axi_uartlite_0/s_axi_aclk] [get_bd_pins clk_wiz_0/clk_out1] [get_bd_pins microblaze_0/Clk] [get_bd_pins microblaze_0_axi_periph/ACLK] [get_bd_pins microblaze_0_axi_periph/M00_ACLK] [get_bd_pins microblaze_0_axi_periph/S00_ACLK] [get_bd_pins microblaze_0_local_memory/LMB_Clk] [get_bd_pins rst_clk_wiz_0_100M/slowest_sync_clk]
  connect_bd_net -net reset_1 [get_bd_ports reset] [get_bd_pins clk_wiz_0/resetn] [get_bd_pins rst_clk_wiz_0_100M/ext_reset_in]
  connect_bd_net -net rst_clk_wiz_0_100M_bus_struct_reset [get_bd_pins microblaze_0_local_memory/SYS_Rst] [get_bd_pins rst_clk_wiz_0_100M/bus_struct_reset]
  connect_bd_net -net rst_clk_wiz_0_100M_interconnect_aresetn [get_bd_pins microblaze_0_axi_periph/ARESETN] [get_bd_pins rst_clk_wiz_0_100M/interconnect_aresetn]
  connect_bd_net -net rst_clk_wiz_0_100M_mb_reset [get_bd_pins microblaze_0/Reset] [get_bd_pins rst_clk_wiz_0_100M/mb_reset]
  connect_bd_net -net rst_clk_wiz_0_100M_peripheral_aresetn [get_bd_pins axi_uartlite_0/s_axi_aresetn] [get_bd_pins microblaze_0_axi_periph/M00_ARESETN] [get_bd_pins microblaze_0_axi_periph/S00_ARESETN] [get_bd_pins rst_clk_wiz_0_100M/peripheral_aresetn]
  connect_bd_net -net sys_clock_1 [get_bd_ports sys_clock] [get_bd_pins clk_wiz_0/clk_in1]

  # Create address segments
  create_bd_addr_seg -range 0x00010000 -offset 0x40600000 [get_bd_addr_spaces microblaze_0/Data] [get_bd_addr_segs axi_uartlite_0/S_AXI/Reg] SEG_axi_uartlite_0_Reg
  create_bd_addr_seg -range 0x00002000 -offset 0x00000000 [get_bd_addr_spaces microblaze_0/Data] [get_bd_addr_segs microblaze_0_local_memory/dlmb_bram_if_cntlr/SLMB/Mem] SEG_dlmb_bram_if_cntlr_Mem
  create_bd_addr_seg -range 0x00002000 -offset 0x00000000 [get_bd_addr_spaces microblaze_0/Instruction] [get_bd_addr_segs microblaze_0_local_memory/ilmb_bram_if_cntlr/SLMB/Mem] SEG_ilmb_bram_if_cntlr_Mem


  # Restore current instance
  current_bd_instance $oldCurInst

  save_bd_design
}
# End of create_root_design()
##################################################################
# MAIN FLOW
##################################################################
create_root_design ""
create_bd_cell: Time (s): cpu = 00:00:05 ; elapsed = 00:00:05 . Memory (MB): peak = 1148.965 ; gain = 109.434
INFO: [Device 21-403] Loading part xc7a100tcsg324-1
Wrote  : <C:/Users/Jerome/Desktop/Programming_Learning/FPGA/SoC/Projects/GPIO_uBlaze_N4/GPIO_uBlaze_N4/GPIO_uBlaze_N4.srcs/sources_1/bd/uBlaze/uBlaze.bd> 
Wrote  : <C:/Users/Jerome/Desktop/Programming_Learning/FPGA/SoC/Projects/GPIO_uBlaze_N4/GPIO_uBlaze_N4/GPIO_uBlaze_N4.srcs/sources_1/bd/uBlaze/ui/bd_339b642d.ui> 
regenerate_bd_layout
save_bd_design
Wrote  : <C:/Users/Jerome/Desktop/Programming_Learning/FPGA/SoC/Projects/GPIO_uBlaze_N4/GPIO_uBlaze_N4/GPIO_uBlaze_N4.srcs/sources_1/bd/uBlaze/ui/bd_339b642d.ui> 
startgroup
create_bd_cell -type ip -vlnv xilinx.com:ip:axi_gpio:2.0 axi_gpio_0
endgroup
WARNING: [Board 49-26] cannot add Board Part digilentinc.com:genesys2:part0:1.1 available at C:/Xilinx/Vivado/2018.2/data/boards/board_files/genesys2/H/board.xml as part xc7k325tffg900-2 specified in board_part file is either invalid or not available
WARNING: [Board 49-26] cannot add Board Part digilentinc.com:sword:part0:1.0 available at C:/Xilinx/Vivado/2018.2/data/boards/board_files/sword/C.0/board.xml as part xc7k325tffg900-2 specified in board_part file is either invalid or not available
WARNING: [Board 49-26] cannot add Board Part digilentinc.com:genesys2:part0:1.1 available at C:/Xilinx/Vivado/2018.2/data/boards/board_files/genesys2/H/board.xml as part xc7k325tffg900-2 specified in board_part file is either invalid or not available
WARNING: [Board 49-26] cannot add Board Part digilentinc.com:sword:part0:1.0 available at C:/Xilinx/Vivado/2018.2/data/boards/board_files/sword/C.0/board.xml as part xc7k325tffg900-2 specified in board_part file is either invalid or not available
WARNING: [Board 49-26] cannot add Board Part digilentinc.com:genesys2:part0:1.1 available at C:/Xilinx/Vivado/2018.2/data/boards/board_files/genesys2/H/board.xml as part xc7k325tffg900-2 specified in board_part file is either invalid or not available
WARNING: [Board 49-26] cannot add Board Part digilentinc.com:sword:part0:1.0 available at C:/Xilinx/Vivado/2018.2/data/boards/board_files/sword/C.0/board.xml as part xc7k325tffg900-2 specified in board_part file is either invalid or not available
WARNING: [Board 49-26] cannot add Board Part digilentinc.com:genesys2:part0:1.1 available at C:/Xilinx/Vivado/2018.2/data/boards/board_files/genesys2/H/board.xml as part xc7k325tffg900-2 specified in board_part file is either invalid or not available
WARNING: [Board 49-26] cannot add Board Part digilentinc.com:sword:part0:1.0 available at C:/Xilinx/Vivado/2018.2/data/boards/board_files/sword/C.0/board.xml as part xc7k325tffg900-2 specified in board_part file is either invalid or not available
WARNING: [Board 49-26] cannot add Board Part digilentinc.com:genesys2:part0:1.1 available at C:/Xilinx/Vivado/2018.2/data/boards/board_files/genesys2/H/board.xml as part xc7k325tffg900-2 specified in board_part file is either invalid or not available
WARNING: [Board 49-26] cannot add Board Part digilentinc.com:sword:part0:1.0 available at C:/Xilinx/Vivado/2018.2/data/boards/board_files/sword/C.0/board.xml as part xc7k325tffg900-2 specified in board_part file is either invalid or not available
WARNING: [Board 49-26] cannot add Board Part digilentinc.com:genesys2:part0:1.1 available at C:/Xilinx/Vivado/2018.2/data/boards/board_files/genesys2/H/board.xml as part xc7k325tffg900-2 specified in board_part file is either invalid or not available
WARNING: [Board 49-26] cannot add Board Part digilentinc.com:sword:part0:1.0 available at C:/Xilinx/Vivado/2018.2/data/boards/board_files/sword/C.0/board.xml as part xc7k325tffg900-2 specified in board_part file is either invalid or not available
WARNING: [Board 49-26] cannot add Board Part digilentinc.com:genesys2:part0:1.1 available at C:/Xilinx/Vivado/2018.2/data/boards/board_files/genesys2/H/board.xml as part xc7k325tffg900-2 specified in board_part file is either invalid or not available
WARNING: [Board 49-26] cannot add Board Part digilentinc.com:sword:part0:1.0 available at C:/Xilinx/Vivado/2018.2/data/boards/board_files/sword/C.0/board.xml as part xc7k325tffg900-2 specified in board_part file is either invalid or not available
WARNING: [Board 49-26] cannot add Board Part digilentinc.com:genesys2:part0:1.1 available at C:/Xilinx/Vivado/2018.2/data/boards/board_files/genesys2/H/board.xml as part xc7k325tffg900-2 specified in board_part file is either invalid or not available
WARNING: [Board 49-26] cannot add Board Part digilentinc.com:sword:part0:1.0 available at C:/Xilinx/Vivado/2018.2/data/boards/board_files/sword/C.0/board.xml as part xc7k325tffg900-2 specified in board_part file is either invalid or not available
WARNING: [Board 49-26] cannot add Board Part digilentinc.com:genesys2:part0:1.1 available at C:/Xilinx/Vivado/2018.2/data/boards/board_files/genesys2/H/board.xml as part xc7k325tffg900-2 specified in board_part file is either invalid or not available
WARNING: [Board 49-26] cannot add Board Part digilentinc.com:sword:part0:1.0 available at C:/Xilinx/Vivado/2018.2/data/boards/board_files/sword/C.0/board.xml as part xc7k325tffg900-2 specified in board_part file is either invalid or not available
WARNING: [Board 49-26] cannot add Board Part digilentinc.com:genesys2:part0:1.1 available at C:/Xilinx/Vivado/2018.2/data/boards/board_files/genesys2/H/board.xml as part xc7k325tffg900-2 specified in board_part file is either invalid or not available
WARNING: [Board 49-26] cannot add Board Part digilentinc.com:sword:part0:1.0 available at C:/Xilinx/Vivado/2018.2/data/boards/board_files/sword/C.0/board.xml as part xc7k325tffg900-2 specified in board_part file is either invalid or not available
WARNING: [Board 49-26] cannot add Board Part digilentinc.com:genesys2:part0:1.1 available at C:/Xilinx/Vivado/2018.2/data/boards/board_files/genesys2/H/board.xml as part xc7k325tffg900-2 specified in board_part file is either invalid or not available
WARNING: [Board 49-26] cannot add Board Part digilentinc.com:sword:part0:1.0 available at C:/Xilinx/Vivado/2018.2/data/boards/board_files/sword/C.0/board.xml as part xc7k325tffg900-2 specified in board_part file is either invalid or not available
WARNING: [Board 49-26] cannot add Board Part digilentinc.com:genesys2:part0:1.1 available at C:/Xilinx/Vivado/2018.2/data/boards/board_files/genesys2/H/board.xml as part xc7k325tffg900-2 specified in board_part file is either invalid or not available
WARNING: [Board 49-26] cannot add Board Part digilentinc.com:sword:part0:1.0 available at C:/Xilinx/Vivado/2018.2/data/boards/board_files/sword/C.0/board.xml as part xc7k325tffg900-2 specified in board_part file is either invalid or not available
WARNING: [Board 49-26] cannot add Board Part digilentinc.com:genesys2:part0:1.1 available at C:/Xilinx/Vivado/2018.2/data/boards/board_files/genesys2/H/board.xml as part xc7k325tffg900-2 specified in board_part file is either invalid or not available
WARNING: [Board 49-26] cannot add Board Part digilentinc.com:sword:part0:1.0 available at C:/Xilinx/Vivado/2018.2/data/boards/board_files/sword/C.0/board.xml as part xc7k325tffg900-2 specified in board_part file is either invalid or not available
WARNING: [Board 49-26] cannot add Board Part digilentinc.com:genesys2:part0:1.1 available at C:/Xilinx/Vivado/2018.2/data/boards/board_files/genesys2/H/board.xml as part xc7k325tffg900-2 specified in board_part file is either invalid or not available
WARNING: [Board 49-26] cannot add Board Part digilentinc.com:sword:part0:1.0 available at C:/Xilinx/Vivado/2018.2/data/boards/board_files/sword/C.0/board.xml as part xc7k325tffg900-2 specified in board_part file is either invalid or not available
set_property -dict [list CONFIG.C_GPIO_WIDTH {16} CONFIG.C_ALL_INPUTS {1} CONFIG.GPIO_BOARD_INTERFACE {dip_switches_16bits}] [get_bd_cells axi_gpio_0]
WARNING: [Board 49-26] cannot add Board Part digilentinc.com:genesys2:part0:1.1 available at C:/Xilinx/Vivado/2018.2/data/boards/board_files/genesys2/H/board.xml as part xc7k325tffg900-2 specified in board_part file is either invalid or not available
WARNING: [Board 49-26] cannot add Board Part digilentinc.com:sword:part0:1.0 available at C:/Xilinx/Vivado/2018.2/data/boards/board_files/sword/C.0/board.xml as part xc7k325tffg900-2 specified in board_part file is either invalid or not available
WARNING: [Board 49-26] cannot add Board Part digilentinc.com:genesys2:part0:1.1 available at C:/Xilinx/Vivado/2018.2/data/boards/board_files/genesys2/H/board.xml as part xc7k325tffg900-2 specified in board_part file is either invalid or not available
WARNING: [Board 49-26] cannot add Board Part digilentinc.com:sword:part0:1.0 available at C:/Xilinx/Vivado/2018.2/data/boards/board_files/sword/C.0/board.xml as part xc7k325tffg900-2 specified in board_part file is either invalid or not available
WARNING: [Board 49-26] cannot add Board Part digilentinc.com:genesys2:part0:1.1 available at C:/Xilinx/Vivado/2018.2/data/boards/board_files/genesys2/H/board.xml as part xc7k325tffg900-2 specified in board_part file is either invalid or not available
WARNING: [Board 49-26] cannot add Board Part digilentinc.com:sword:part0:1.0 available at C:/Xilinx/Vivado/2018.2/data/boards/board_files/sword/C.0/board.xml as part xc7k325tffg900-2 specified in board_part file is either invalid or not available
WARNING: [Board 49-26] cannot add Board Part digilentinc.com:genesys2:part0:1.1 available at C:/Xilinx/Vivado/2018.2/data/boards/board_files/genesys2/H/board.xml as part xc7k325tffg900-2 specified in board_part file is either invalid or not available
WARNING: [Board 49-26] cannot add Board Part digilentinc.com:sword:part0:1.0 available at C:/Xilinx/Vivado/2018.2/data/boards/board_files/sword/C.0/board.xml as part xc7k325tffg900-2 specified in board_part file is either invalid or not available
WARNING: [Board 49-26] cannot add Board Part digilentinc.com:genesys2:part0:1.1 available at C:/Xilinx/Vivado/2018.2/data/boards/board_files/genesys2/H/board.xml as part xc7k325tffg900-2 specified in board_part file is either invalid or not available
WARNING: [Board 49-26] cannot add Board Part digilentinc.com:sword:part0:1.0 available at C:/Xilinx/Vivado/2018.2/data/boards/board_files/sword/C.0/board.xml as part xc7k325tffg900-2 specified in board_part file is either invalid or not available
WARNING: [Board 49-26] cannot add Board Part digilentinc.com:genesys2:part0:1.1 available at C:/Xilinx/Vivado/2018.2/data/boards/board_files/genesys2/H/board.xml as part xc7k325tffg900-2 specified in board_part file is either invalid or not available
WARNING: [Board 49-26] cannot add Board Part digilentinc.com:sword:part0:1.0 available at C:/Xilinx/Vivado/2018.2/data/boards/board_files/sword/C.0/board.xml as part xc7k325tffg900-2 specified in board_part file is either invalid or not available
WARNING: [Board 49-26] cannot add Board Part digilentinc.com:genesys2:part0:1.1 available at C:/Xilinx/Vivado/2018.2/data/boards/board_files/genesys2/H/board.xml as part xc7k325tffg900-2 specified in board_part file is either invalid or not available
WARNING: [Board 49-26] cannot add Board Part digilentinc.com:sword:part0:1.0 available at C:/Xilinx/Vivado/2018.2/data/boards/board_files/sword/C.0/board.xml as part xc7k325tffg900-2 specified in board_part file is either invalid or not available
WARNING: [Board 49-26] cannot add Board Part digilentinc.com:genesys2:part0:1.1 available at C:/Xilinx/Vivado/2018.2/data/boards/board_files/genesys2/H/board.xml as part xc7k325tffg900-2 specified in board_part file is either invalid or not available
WARNING: [Board 49-26] cannot add Board Part digilentinc.com:sword:part0:1.0 available at C:/Xilinx/Vivado/2018.2/data/boards/board_files/sword/C.0/board.xml as part xc7k325tffg900-2 specified in board_part file is either invalid or not available
WARNING: [Board 49-26] cannot add Board Part digilentinc.com:genesys2:part0:1.1 available at C:/Xilinx/Vivado/2018.2/data/boards/board_files/genesys2/H/board.xml as part xc7k325tffg900-2 specified in board_part file is either invalid or not available
WARNING: [Board 49-26] cannot add Board Part digilentinc.com:sword:part0:1.0 available at C:/Xilinx/Vivado/2018.2/data/boards/board_files/sword/C.0/board.xml as part xc7k325tffg900-2 specified in board_part file is either invalid or not available
WARNING: [Board 49-26] cannot add Board Part digilentinc.com:genesys2:part0:1.1 available at C:/Xilinx/Vivado/2018.2/data/boards/board_files/genesys2/H/board.xml as part xc7k325tffg900-2 specified in board_part file is either invalid or not available
WARNING: [Board 49-26] cannot add Board Part digilentinc.com:sword:part0:1.0 available at C:/Xilinx/Vivado/2018.2/data/boards/board_files/sword/C.0/board.xml as part xc7k325tffg900-2 specified in board_part file is either invalid or not available
WARNING: [Board 49-26] cannot add Board Part digilentinc.com:genesys2:part0:1.1 available at C:/Xilinx/Vivado/2018.2/data/boards/board_files/genesys2/H/board.xml as part xc7k325tffg900-2 specified in board_part file is either invalid or not available
WARNING: [Board 49-26] cannot add Board Part digilentinc.com:sword:part0:1.0 available at C:/Xilinx/Vivado/2018.2/data/boards/board_files/sword/C.0/board.xml as part xc7k325tffg900-2 specified in board_part file is either invalid or not available
WARNING: [Board 49-26] cannot add Board Part digilentinc.com:genesys2:part0:1.1 available at C:/Xilinx/Vivado/2018.2/data/boards/board_files/genesys2/H/board.xml as part xc7k325tffg900-2 specified in board_part file is either invalid or not available
WARNING: [Board 49-26] cannot add Board Part digilentinc.com:sword:part0:1.0 available at C:/Xilinx/Vivado/2018.2/data/boards/board_files/sword/C.0/board.xml as part xc7k325tffg900-2 specified in board_part file is either invalid or not available
WARNING: [Board 49-26] cannot add Board Part digilentinc.com:genesys2:part0:1.1 available at C:/Xilinx/Vivado/2018.2/data/boards/board_files/genesys2/H/board.xml as part xc7k325tffg900-2 specified in board_part file is either invalid or not available
WARNING: [Board 49-26] cannot add Board Part digilentinc.com:sword:part0:1.0 available at C:/Xilinx/Vivado/2018.2/data/boards/board_files/sword/C.0/board.xml as part xc7k325tffg900-2 specified in board_part file is either invalid or not available
WARNING: [Board 49-26] cannot add Board Part digilentinc.com:genesys2:part0:1.1 available at C:/Xilinx/Vivado/2018.2/data/boards/board_files/genesys2/H/board.xml as part xc7k325tffg900-2 specified in board_part file is either invalid or not available
WARNING: [Board 49-26] cannot add Board Part digilentinc.com:sword:part0:1.0 available at C:/Xilinx/Vivado/2018.2/data/boards/board_files/sword/C.0/board.xml as part xc7k325tffg900-2 specified in board_part file is either invalid or not available
WARNING: [BD 5-235] No pins matched 'get_bd_pins /axi_gpio_0/GPIO'
WARNING: [BD 5-235] No pins matched 'get_bd_pins /axi_gpio_0/GPIO'
WARNING: [BD 5-235] No pins matched 'get_bd_pins /axi_gpio_0/GPIO'
WARNING: [BD 5-235] No pins matched 'get_bd_pins /axi_gpio_0/GPIO'
WARNING: [BD 5-235] No pins matched 'get_bd_pins /axi_gpio_0/GPIO'
startgroup
create_bd_cell -type ip -vlnv xilinx.com:ip:axi_gpio:2.0 axi_gpio_1
endgroup
WARNING: [Board 49-26] cannot add Board Part digilentinc.com:genesys2:part0:1.1 available at C:/Xilinx/Vivado/2018.2/data/boards/board_files/genesys2/H/board.xml as part xc7k325tffg900-2 specified in board_part file is either invalid or not available
WARNING: [Board 49-26] cannot add Board Part digilentinc.com:sword:part0:1.0 available at C:/Xilinx/Vivado/2018.2/data/boards/board_files/sword/C.0/board.xml as part xc7k325tffg900-2 specified in board_part file is either invalid or not available
WARNING: [Board 49-26] cannot add Board Part digilentinc.com:genesys2:part0:1.1 available at C:/Xilinx/Vivado/2018.2/data/boards/board_files/genesys2/H/board.xml as part xc7k325tffg900-2 specified in board_part file is either invalid or not available
WARNING: [Board 49-26] cannot add Board Part digilentinc.com:sword:part0:1.0 available at C:/Xilinx/Vivado/2018.2/data/boards/board_files/sword/C.0/board.xml as part xc7k325tffg900-2 specified in board_part file is either invalid or not available
WARNING: [Board 49-26] cannot add Board Part digilentinc.com:genesys2:part0:1.1 available at C:/Xilinx/Vivado/2018.2/data/boards/board_files/genesys2/H/board.xml as part xc7k325tffg900-2 specified in board_part file is either invalid or not available
WARNING: [Board 49-26] cannot add Board Part digilentinc.com:sword:part0:1.0 available at C:/Xilinx/Vivado/2018.2/data/boards/board_files/sword/C.0/board.xml as part xc7k325tffg900-2 specified in board_part file is either invalid or not available
WARNING: [Board 49-26] cannot add Board Part digilentinc.com:genesys2:part0:1.1 available at C:/Xilinx/Vivado/2018.2/data/boards/board_files/genesys2/H/board.xml as part xc7k325tffg900-2 specified in board_part file is either invalid or not available
WARNING: [Board 49-26] cannot add Board Part digilentinc.com:sword:part0:1.0 available at C:/Xilinx/Vivado/2018.2/data/boards/board_files/sword/C.0/board.xml as part xc7k325tffg900-2 specified in board_part file is either invalid or not available
WARNING: [Board 49-26] cannot add Board Part digilentinc.com:genesys2:part0:1.1 available at C:/Xilinx/Vivado/2018.2/data/boards/board_files/genesys2/H/board.xml as part xc7k325tffg900-2 specified in board_part file is either invalid or not available
WARNING: [Board 49-26] cannot add Board Part digilentinc.com:sword:part0:1.0 available at C:/Xilinx/Vivado/2018.2/data/boards/board_files/sword/C.0/board.xml as part xc7k325tffg900-2 specified in board_part file is either invalid or not available
WARNING: [Board 49-26] cannot add Board Part digilentinc.com:genesys2:part0:1.1 available at C:/Xilinx/Vivado/2018.2/data/boards/board_files/genesys2/H/board.xml as part xc7k325tffg900-2 specified in board_part file is either invalid or not available
WARNING: [Board 49-26] cannot add Board Part digilentinc.com:sword:part0:1.0 available at C:/Xilinx/Vivado/2018.2/data/boards/board_files/sword/C.0/board.xml as part xc7k325tffg900-2 specified in board_part file is either invalid or not available
WARNING: [Board 49-26] cannot add Board Part digilentinc.com:genesys2:part0:1.1 available at C:/Xilinx/Vivado/2018.2/data/boards/board_files/genesys2/H/board.xml as part xc7k325tffg900-2 specified in board_part file is either invalid or not available
WARNING: [Board 49-26] cannot add Board Part digilentinc.com:sword:part0:1.0 available at C:/Xilinx/Vivado/2018.2/data/boards/board_files/sword/C.0/board.xml as part xc7k325tffg900-2 specified in board_part file is either invalid or not available
WARNING: [Board 49-26] cannot add Board Part digilentinc.com:genesys2:part0:1.1 available at C:/Xilinx/Vivado/2018.2/data/boards/board_files/genesys2/H/board.xml as part xc7k325tffg900-2 specified in board_part file is either invalid or not available
WARNING: [Board 49-26] cannot add Board Part digilentinc.com:sword:part0:1.0 available at C:/Xilinx/Vivado/2018.2/data/boards/board_files/sword/C.0/board.xml as part xc7k325tffg900-2 specified in board_part file is either invalid or not available
WARNING: [Board 49-26] cannot add Board Part digilentinc.com:genesys2:part0:1.1 available at C:/Xilinx/Vivado/2018.2/data/boards/board_files/genesys2/H/board.xml as part xc7k325tffg900-2 specified in board_part file is either invalid or not available
WARNING: [Board 49-26] cannot add Board Part digilentinc.com:sword:part0:1.0 available at C:/Xilinx/Vivado/2018.2/data/boards/board_files/sword/C.0/board.xml as part xc7k325tffg900-2 specified in board_part file is either invalid or not available
WARNING: [Board 49-26] cannot add Board Part digilentinc.com:genesys2:part0:1.1 available at C:/Xilinx/Vivado/2018.2/data/boards/board_files/genesys2/H/board.xml as part xc7k325tffg900-2 specified in board_part file is either invalid or not available
WARNING: [Board 49-26] cannot add Board Part digilentinc.com:sword:part0:1.0 available at C:/Xilinx/Vivado/2018.2/data/boards/board_files/sword/C.0/board.xml as part xc7k325tffg900-2 specified in board_part file is either invalid or not available
WARNING: [Board 49-26] cannot add Board Part digilentinc.com:genesys2:part0:1.1 available at C:/Xilinx/Vivado/2018.2/data/boards/board_files/genesys2/H/board.xml as part xc7k325tffg900-2 specified in board_part file is either invalid or not available
WARNING: [Board 49-26] cannot add Board Part digilentinc.com:sword:part0:1.0 available at C:/Xilinx/Vivado/2018.2/data/boards/board_files/sword/C.0/board.xml as part xc7k325tffg900-2 specified in board_part file is either invalid or not available
WARNING: [Board 49-26] cannot add Board Part digilentinc.com:genesys2:part0:1.1 available at C:/Xilinx/Vivado/2018.2/data/boards/board_files/genesys2/H/board.xml as part xc7k325tffg900-2 specified in board_part file is either invalid or not available
WARNING: [Board 49-26] cannot add Board Part digilentinc.com:sword:part0:1.0 available at C:/Xilinx/Vivado/2018.2/data/boards/board_files/sword/C.0/board.xml as part xc7k325tffg900-2 specified in board_part file is either invalid or not available
set_property -dict [list CONFIG.C_GPIO_WIDTH {16} CONFIG.GPIO_BOARD_INTERFACE {led_16bits}] [get_bd_cells axi_gpio_1]
WARNING: [Board 49-26] cannot add Board Part digilentinc.com:genesys2:part0:1.1 available at C:/Xilinx/Vivado/2018.2/data/boards/board_files/genesys2/H/board.xml as part xc7k325tffg900-2 specified in board_part file is either invalid or not available
WARNING: [Board 49-26] cannot add Board Part digilentinc.com:sword:part0:1.0 available at C:/Xilinx/Vivado/2018.2/data/boards/board_files/sword/C.0/board.xml as part xc7k325tffg900-2 specified in board_part file is either invalid or not available
WARNING: [Board 49-26] cannot add Board Part digilentinc.com:genesys2:part0:1.1 available at C:/Xilinx/Vivado/2018.2/data/boards/board_files/genesys2/H/board.xml as part xc7k325tffg900-2 specified in board_part file is either invalid or not available
WARNING: [Board 49-26] cannot add Board Part digilentinc.com:sword:part0:1.0 available at C:/Xilinx/Vivado/2018.2/data/boards/board_files/sword/C.0/board.xml as part xc7k325tffg900-2 specified in board_part file is either invalid or not available
WARNING: [Board 49-26] cannot add Board Part digilentinc.com:genesys2:part0:1.1 available at C:/Xilinx/Vivado/2018.2/data/boards/board_files/genesys2/H/board.xml as part xc7k325tffg900-2 specified in board_part file is either invalid or not available
WARNING: [Board 49-26] cannot add Board Part digilentinc.com:sword:part0:1.0 available at C:/Xilinx/Vivado/2018.2/data/boards/board_files/sword/C.0/board.xml as part xc7k325tffg900-2 specified in board_part file is either invalid or not available
WARNING: [Board 49-26] cannot add Board Part digilentinc.com:genesys2:part0:1.1 available at C:/Xilinx/Vivado/2018.2/data/boards/board_files/genesys2/H/board.xml as part xc7k325tffg900-2 specified in board_part file is either invalid or not available
WARNING: [Board 49-26] cannot add Board Part digilentinc.com:sword:part0:1.0 available at C:/Xilinx/Vivado/2018.2/data/boards/board_files/sword/C.0/board.xml as part xc7k325tffg900-2 specified in board_part file is either invalid or not available
WARNING: [Board 49-26] cannot add Board Part digilentinc.com:genesys2:part0:1.1 available at C:/Xilinx/Vivado/2018.2/data/boards/board_files/genesys2/H/board.xml as part xc7k325tffg900-2 specified in board_part file is either invalid or not available
WARNING: [Board 49-26] cannot add Board Part digilentinc.com:sword:part0:1.0 available at C:/Xilinx/Vivado/2018.2/data/boards/board_files/sword/C.0/board.xml as part xc7k325tffg900-2 specified in board_part file is either invalid or not available
WARNING: [Board 49-26] cannot add Board Part digilentinc.com:genesys2:part0:1.1 available at C:/Xilinx/Vivado/2018.2/data/boards/board_files/genesys2/H/board.xml as part xc7k325tffg900-2 specified in board_part file is either invalid or not available
WARNING: [Board 49-26] cannot add Board Part digilentinc.com:sword:part0:1.0 available at C:/Xilinx/Vivado/2018.2/data/boards/board_files/sword/C.0/board.xml as part xc7k325tffg900-2 specified in board_part file is either invalid or not available
WARNING: [Board 49-26] cannot add Board Part digilentinc.com:genesys2:part0:1.1 available at C:/Xilinx/Vivado/2018.2/data/boards/board_files/genesys2/H/board.xml as part xc7k325tffg900-2 specified in board_part file is either invalid or not available
WARNING: [Board 49-26] cannot add Board Part digilentinc.com:sword:part0:1.0 available at C:/Xilinx/Vivado/2018.2/data/boards/board_files/sword/C.0/board.xml as part xc7k325tffg900-2 specified in board_part file is either invalid or not available
WARNING: [Board 49-26] cannot add Board Part digilentinc.com:genesys2:part0:1.1 available at C:/Xilinx/Vivado/2018.2/data/boards/board_files/genesys2/H/board.xml as part xc7k325tffg900-2 specified in board_part file is either invalid or not available
WARNING: [Board 49-26] cannot add Board Part digilentinc.com:sword:part0:1.0 available at C:/Xilinx/Vivado/2018.2/data/boards/board_files/sword/C.0/board.xml as part xc7k325tffg900-2 specified in board_part file is either invalid or not available
WARNING: [Board 49-26] cannot add Board Part digilentinc.com:genesys2:part0:1.1 available at C:/Xilinx/Vivado/2018.2/data/boards/board_files/genesys2/H/board.xml as part xc7k325tffg900-2 specified in board_part file is either invalid or not available
WARNING: [Board 49-26] cannot add Board Part digilentinc.com:sword:part0:1.0 available at C:/Xilinx/Vivado/2018.2/data/boards/board_files/sword/C.0/board.xml as part xc7k325tffg900-2 specified in board_part file is either invalid or not available
WARNING: [Board 49-26] cannot add Board Part digilentinc.com:genesys2:part0:1.1 available at C:/Xilinx/Vivado/2018.2/data/boards/board_files/genesys2/H/board.xml as part xc7k325tffg900-2 specified in board_part file is either invalid or not available
WARNING: [Board 49-26] cannot add Board Part digilentinc.com:sword:part0:1.0 available at C:/Xilinx/Vivado/2018.2/data/boards/board_files/sword/C.0/board.xml as part xc7k325tffg900-2 specified in board_part file is either invalid or not available
WARNING: [Board 49-26] cannot add Board Part digilentinc.com:genesys2:part0:1.1 available at C:/Xilinx/Vivado/2018.2/data/boards/board_files/genesys2/H/board.xml as part xc7k325tffg900-2 specified in board_part file is either invalid or not available
WARNING: [Board 49-26] cannot add Board Part digilentinc.com:sword:part0:1.0 available at C:/Xilinx/Vivado/2018.2/data/boards/board_files/sword/C.0/board.xml as part xc7k325tffg900-2 specified in board_part file is either invalid or not available
WARNING: [Board 49-26] cannot add Board Part digilentinc.com:genesys2:part0:1.1 available at C:/Xilinx/Vivado/2018.2/data/boards/board_files/genesys2/H/board.xml as part xc7k325tffg900-2 specified in board_part file is either invalid or not available
WARNING: [Board 49-26] cannot add Board Part digilentinc.com:sword:part0:1.0 available at C:/Xilinx/Vivado/2018.2/data/boards/board_files/sword/C.0/board.xml as part xc7k325tffg900-2 specified in board_part file is either invalid or not available
WARNING: [BD 5-235] No pins matched 'get_bd_pins /axi_gpio_0/GPIO'
WARNING: [BD 5-235] No pins matched 'get_bd_pins /axi_gpio_0/GPIO'
WARNING: [BD 5-235] No pins matched 'get_bd_pins /axi_gpio_0/GPIO'
WARNING: [BD 5-235] No pins matched 'get_bd_pins /axi_gpio_0/GPIO'
WARNING: [BD 5-235] No pins matched 'get_bd_pins /axi_gpio_0/GPIO'
WARNING: [BD 5-235] No pins matched 'get_bd_pins /axi_gpio_1/GPIO'
WARNING: [BD 5-235] No pins matched 'get_bd_pins /axi_gpio_1/GPIO'
WARNING: [BD 5-235] No pins matched 'get_bd_pins /axi_gpio_1/GPIO'
WARNING: [BD 5-235] No pins matched 'get_bd_pins /axi_gpio_1/GPIO'
WARNING: [BD 5-235] No pins matched 'get_bd_pins /axi_gpio_1/GPIO'
startgroup
apply_bd_automation -rule xilinx.com:bd_rule:axi4 -config { Clk_master {/clk_wiz_0/clk_out1 (100 MHz)} Clk_slave {Auto} Clk_xbar {/clk_wiz_0/clk_out1 (100 MHz)} Master {/microblaze_0 (Periph)} Slave {/axi_gpio_0/S_AXI} intc_ip {/microblaze_0_axi_periph} master_apm {0}}  [get_bd_intf_pins axi_gpio_0/S_AXI]
</axi_gpio_0/S_AXI/Reg> is being mapped into </microblaze_0/Data> at <0x40000000 [ 64K ]>
apply_bd_automation -rule xilinx.com:bd_rule:board -config { Board_Interface {dip_switches_16bits ( 16 Switches ) } Manual_Source {Auto}}  [get_bd_intf_pins axi_gpio_0/GPIO]
INFO: [board_rule 100-100] set_property CONFIG.USE_BOARD_FLOW true [get_bd_cells /axi_gpio_0]
INFO: [board_rule 100-100] set_property CONFIG.GPIO_BOARD_INTERFACE dip_switches_16bits [get_bd_cells /axi_gpio_0]
INFO: [board_rule 100-100] create_bd_intf_port -mode Master -vlnv xilinx.com:interface:gpio_rtl:1.0 dip_switches_16bits
INFO: [board_rule 100-100] connect_bd_intf_net /dip_switches_16bits /axi_gpio_0/GPIO
apply_bd_automation -rule xilinx.com:bd_rule:axi4 -config { Clk_master {/clk_wiz_0/clk_out1 (100 MHz)} Clk_slave {Auto} Clk_xbar {/clk_wiz_0/clk_out1 (100 MHz)} Master {/microblaze_0 (Periph)} Slave {/axi_gpio_1/S_AXI} intc_ip {/microblaze_0_axi_periph} master_apm {0}}  [get_bd_intf_pins axi_gpio_1/S_AXI]
</axi_gpio_1/S_AXI/Reg> is being mapped into </microblaze_0/Data> at <0x40010000 [ 64K ]>
apply_bd_automation -rule xilinx.com:bd_rule:board -config { Board_Interface {led_16bits ( 16 LEDs ) } Manual_Source {Auto}}  [get_bd_intf_pins axi_gpio_1/GPIO]
INFO: [board_rule 100-100] set_property CONFIG.USE_BOARD_FLOW true [get_bd_cells /axi_gpio_1]
INFO: [board_rule 100-100] set_property CONFIG.GPIO_BOARD_INTERFACE led_16bits [get_bd_cells /axi_gpio_1]
INFO: [board_rule 100-100] create_bd_intf_port -mode Master -vlnv xilinx.com:interface:gpio_rtl:1.0 led_16bits
INFO: [board_rule 100-100] connect_bd_intf_net /led_16bits /axi_gpio_1/GPIO
endgroup
update_ip_catalog -rebuild -scan_changes
INFO: [IP_Flow 19-234] Refreshing IP repositories
WARNING: [IP_Flow 19-2248] Failed to load user IP repository 'c:/Users/Jerome/Desktop/Programming_Learning/FPGA/SoC/Projects/GPIO_uBlaze_N4/ip_repo/myip_1.0'; Can't find the specified path.
If this directory should no longer be in your list of user repositories, go to the IP Settings dialog and remove it.
INFO: [IP_Flow 19-1700] Loaded user IP repository 'c:/Users/Jerome/Desktop/Important Temp/vivado-library-master'.
report_ip_status -name ip_status
regenerate_bd_layout
validate_bd_design
export_ip_user_files -of_objects  [get_files C:/Users/Jerome/Desktop/Programming_Learning/FPGA/VHDL/Ring_Counter/Ring_Counter.srcs/sources_1/new/Ring_Counter.vhd] -no_script -reset -force -quiet
remove_files  C:/Users/Jerome/Desktop/Programming_Learning/FPGA/VHDL/Ring_Counter/Ring_Counter.srcs/sources_1/new/Ring_Counter.vhd
save_bd_design
Wrote  : <C:/Users/Jerome/Desktop/Programming_Learning/FPGA/SoC/Projects/GPIO_uBlaze_N4/GPIO_uBlaze_N4/GPIO_uBlaze_N4.srcs/sources_1/bd/uBlaze/uBlaze.bd> 
Wrote  : <C:/Users/Jerome/Desktop/Programming_Learning/FPGA/SoC/Projects/GPIO_uBlaze_N4/GPIO_uBlaze_N4/GPIO_uBlaze_N4.srcs/sources_1/bd/uBlaze/ui/bd_339b642d.ui> 
