00:59:47 INFO  : Registering command handlers for SDK TCF services
00:59:48 INFO  : Launching XSCT server: xsct.bat -interactive C:\Users\Jerome\Desktop\Programming_Learning\FPGA\SoC\Projects\GPIO_uBlaze_N4\GPIO_uBlaze_N4\GPIO_uBlaze_N4.sdk\temp_xsdb_launch_script.tcl
00:59:52 INFO  : XSCT server has started successfully.
00:59:56 INFO  : Successfully done setting XSCT server connection channel  
00:59:56 INFO  : Processing command line option -hwspec C:/Users/Jerome/Desktop/Programming_Learning/FPGA/SoC/Projects/GPIO_uBlaze_N4/GPIO_uBlaze_N4/GPIO_uBlaze_N4.sdk/uBlaze_wrapper.hdf.
00:59:56 INFO  : Successfully done setting SDK workspace  
01:31:38 INFO  : Connected to target on host '127.0.0.1' and port '3121'.
01:31:40 INFO  : 'targets -set -filter {jtag_cable_name =~ "Digilent Nexys4DDR 210292742297A" && level==0} -index 0' command is executed.
01:31:42 INFO  : FPGA configured successfully with bitstream "C:/Users/Jerome/Desktop/Programming_Learning/FPGA/SoC/Projects/GPIO_uBlaze_N4/GPIO_uBlaze_N4/GPIO_uBlaze_N4.sdk/uBlaze_wrapper_hw_platform_0/download.bit"
01:31:52 INFO  : 'targets -set -filter {jtag_cable_name =~ "Digilent Nexys4DDR 210292742297A" && level==0} -index 0' command is executed.
01:31:52 INFO  : 'fpga -state' command is executed.
01:31:52 INFO  : Connected to target on host '127.0.0.1' and port '3121'.
01:31:53 INFO  : Jtag cable 'Digilent Nexys4DDR 210292742297A' is selected.
01:31:53 INFO  : 'jtag frequency' command is executed.
01:31:53 INFO  : 'configparams mdm-detect-bscan-mask 2' command is executed.
01:31:53 INFO  : Context for processor 'microblaze_0' is selected.
01:31:53 INFO  : Processor reset is completed for 'microblaze_0'.
01:31:53 INFO  : Context for processor 'microblaze_0' is selected.
01:31:53 INFO  : The application 'C:/Users/Jerome/Desktop/Programming_Learning/FPGA/SoC/Projects/GPIO_uBlaze_N4/GPIO_uBlaze_N4/GPIO_uBlaze_N4.sdk/GPIO/Debug/GPIO.elf' is downloaded to processor 'microblaze_0'.
01:31:53 INFO  : ----------------XSDB Script----------------
connect -url tcp:127.0.0.1:3121
configparams mdm-detect-bscan-mask 2
targets -set -nocase -filter {name =~ "microblaze*#0" && bscan=="USER2"  && jtag_cable_name =~ "Digilent Nexys4DDR 210292742297A"} -index 0
rst -processor
targets -set -nocase -filter {name =~ "microblaze*#0" && bscan=="USER2"  && jtag_cable_name =~ "Digilent Nexys4DDR 210292742297A"} -index 0
dow C:/Users/Jerome/Desktop/Programming_Learning/FPGA/SoC/Projects/GPIO_uBlaze_N4/GPIO_uBlaze_N4/GPIO_uBlaze_N4.sdk/GPIO/Debug/GPIO.elf
----------------End of Script----------------

01:31:53 INFO  : Context for processor 'microblaze_0' is selected.
01:31:53 INFO  : 'con' command is executed.
01:31:53 INFO  : ----------------XSDB Script (After Launch)----------------
targets -set -nocase -filter {name =~ "microblaze*#0" && bscan=="USER2"  && jtag_cable_name =~ "Digilent Nexys4DDR 210292742297A"} -index 0
con
----------------End of Script----------------

01:31:53 INFO  : Disconnected from the channel tcfchan#1.
01:32:24 INFO  : 'targets -set -filter {jtag_cable_name =~ "Digilent Nexys4DDR 210292742297A" && level==0} -index 0' command is executed.
01:32:24 INFO  : 'fpga -state' command is executed.
01:32:24 INFO  : Connected to target on host '127.0.0.1' and port '3121'.
01:32:25 INFO  : Jtag cable 'Digilent Nexys4DDR 210292742297A' is selected.
01:32:25 INFO  : 'jtag frequency' command is executed.
01:32:25 INFO  : 'configparams mdm-detect-bscan-mask 2' command is executed.
01:32:25 INFO  : Context for processor 'microblaze_0' is selected.
01:32:25 INFO  : Processor reset is completed for 'microblaze_0'.
01:32:25 INFO  : Context for processor 'microblaze_0' is selected.
01:32:25 INFO  : The application 'C:/Users/Jerome/Desktop/Programming_Learning/FPGA/SoC/Projects/GPIO_uBlaze_N4/GPIO_uBlaze_N4/GPIO_uBlaze_N4.sdk/GPIO/Debug/GPIO.elf' is downloaded to processor 'microblaze_0'.
01:32:25 INFO  : ----------------XSDB Script----------------
connect -url tcp:127.0.0.1:3121
configparams mdm-detect-bscan-mask 2
targets -set -nocase -filter {name =~ "microblaze*#0" && bscan=="USER2"  && jtag_cable_name =~ "Digilent Nexys4DDR 210292742297A"} -index 0
rst -processor
targets -set -nocase -filter {name =~ "microblaze*#0" && bscan=="USER2"  && jtag_cable_name =~ "Digilent Nexys4DDR 210292742297A"} -index 0
dow C:/Users/Jerome/Desktop/Programming_Learning/FPGA/SoC/Projects/GPIO_uBlaze_N4/GPIO_uBlaze_N4/GPIO_uBlaze_N4.sdk/GPIO/Debug/GPIO.elf
----------------End of Script----------------

01:32:25 INFO  : Context for processor 'microblaze_0' is selected.
01:32:25 INFO  : 'con' command is executed.
01:32:25 INFO  : ----------------XSDB Script (After Launch)----------------
targets -set -nocase -filter {name =~ "microblaze*#0" && bscan=="USER2"  && jtag_cable_name =~ "Digilent Nexys4DDR 210292742297A"} -index 0
con
----------------End of Script----------------

01:32:25 INFO  : Disconnected from the channel tcfchan#2.
01:40:55 INFO  : SDK has detected change in the last modified timestamps for source hardware specification file Source:1539477626792,  Project:1539475054252
01:40:55 INFO  : Project uBlaze_wrapper_hw_platform_0's source hardware specification located at C:/Users/Jerome/Desktop/Programming_Learning/FPGA/SoC/Projects/GPIO_uBlaze_N4/GPIO_uBlaze_N4/GPIO_uBlaze_N4.sdk/uBlaze_wrapper.hdf is now different from the local copy.
		 The local copy will be replaced with the source specification and your workspace will be updated.
01:40:57 INFO  : Copied contents of C:/Users/Jerome/Desktop/Programming_Learning/FPGA/SoC/Projects/GPIO_uBlaze_N4/GPIO_uBlaze_N4/GPIO_uBlaze_N4.sdk/uBlaze_wrapper.hdf into \uBlaze_wrapper_hw_platform_0\system.hdf.
01:40:57 INFO  : Synchronizing projects in the workspace with the hardware platform specification changes.
01:41:00 INFO  : 
01:41:01 INFO  : Updating hardware inferred compiler options for GPIO.
01:41:01 INFO  : Clearing existing target manager status.
01:41:01 INFO  : Closing and re-opening the MSS file of ther project GPIO_bsp
01:41:01 INFO  : Workspace synchronized with the new hardware specification file. Cleaning dependent projects...
01:41:02 WARN  : Linker script will not be updated automatically. Users need to update it manually.
01:42:35 INFO  : Example project GPIO_bsp_xgpio_example_1 has been created successfully.
10:37:42 INFO  : Launching XSCT server: xsct.bat -interactive C:\Users\Jerome\Desktop\Programming_Learning\FPGA\SoC\Projects\GPIO_uBlaze_N4\GPIO_uBlaze_N4\GPIO_uBlaze_N4.sdk\temp_xsdb_launch_script.tcl
10:37:45 INFO  : XSCT server has started successfully.
10:37:45 INFO  : Successfully done setting XSCT server connection channel  
10:37:47 INFO  : Successfully done setting SDK workspace  
10:37:51 INFO  : Registering command handlers for SDK TCF services
10:37:51 INFO  : Processing command line option -hwspec C:/Users/Jerome/Desktop/Programming_Learning/FPGA/SoC/Projects/GPIO_uBlaze_N4/GPIO_uBlaze_N4/GPIO_uBlaze_N4.sdk/uBlaze_wrapper.hdf.
10:37:52 INFO  : Checking for hwspec changes in the project uBlaze_wrapper_hw_platform_0.
10:37:52 INFO  : SDK has detected change in the last modified timestamps for source hardware specification file Source:1539509687857,  Project:1539477626792
10:37:52 INFO  : The hardware specification for project 'uBlaze_wrapper_hw_platform_0' is different from C:/Users/Jerome/Desktop/Programming_Learning/FPGA/SoC/Projects/GPIO_uBlaze_N4/GPIO_uBlaze_N4/GPIO_uBlaze_N4.sdk/uBlaze_wrapper.hdf.
10:37:52 INFO  : Copied contents of C:/Users/Jerome/Desktop/Programming_Learning/FPGA/SoC/Projects/GPIO_uBlaze_N4/GPIO_uBlaze_N4/GPIO_uBlaze_N4.sdk/uBlaze_wrapper.hdf into \uBlaze_wrapper_hw_platform_0\system.hdf.
10:37:52 INFO  : Synchronizing projects in the workspace with the hardware platform specification changes.
10:37:56 INFO  : 
10:37:57 INFO  : Updating hardware inferred compiler options for GPIO.
10:37:57 INFO  : Clearing existing target manager status.
10:37:57 INFO  : Closing and re-opening the MSS file of ther project GPIO_bsp
10:37:58 INFO  : Workspace synchronized with the new hardware specification file. Cleaning dependent projects...
10:38:00 WARN  : Linker script will not be updated automatically. Users need to update it manually.
