
*** Running vivado
    with args -log uBlaze_ilmb_v10_0.vds -m64 -product Vivado -mode batch -messageDb vivado.pb -notrace -source uBlaze_ilmb_v10_0.tcl


****** Vivado v2018.2.1 (64-bit)
  **** SW Build 2288692 on Thu Jul 26 18:24:02 MDT 2018
  **** IP Build 2289599 on Thu Jul 26 21:09:20 MDT 2018
    ** Copyright 1986-2018 Xilinx, Inc. All Rights Reserved.

Sourcing tcl script 'C:/Users/Jerome/AppData/Roaming/Xilinx/Vivado/Vivado_init.tcl'
source uBlaze_ilmb_v10_0.tcl -notrace
WARNING: [Board 49-91] Board repository path '{<C:UsersJeromeDesktopivado-boards-master>/vivado-boards/new/board_files}' does not exist, it will not be used to search board files.
Command: synth_design -top uBlaze_ilmb_v10_0 -part xc7a100tcsg324-1 -mode out_of_context
Starting synth_design
Attempting to get a license for feature 'Synthesis' and/or device 'xc7a100t'
INFO: [Common 17-349] Got license for feature 'Synthesis' and/or device 'xc7a100t'
INFO: Launching helper process for spawning children vivado processes
INFO: Helper process launched with PID 21952 
---------------------------------------------------------------------------------
Starting RTL Elaboration : Time (s): cpu = 00:00:04 ; elapsed = 00:00:05 . Memory (MB): peak = 402.582 ; gain = 99.293
---------------------------------------------------------------------------------
INFO: [Synth 8-638] synthesizing module 'uBlaze_ilmb_v10_0' [c:/Users/Jerome/Desktop/Programming_Learning/FPGA/SoC/Projects/GPIO_uBlaze_N4/GPIO_uBlaze_N4/GPIO_uBlaze_N4/GPIO_uBlaze_N4.srcs/sources_1/bd/uBlaze/ip/uBlaze_ilmb_v10_0/synth/uBlaze_ilmb_v10_0.vhd:89]
	Parameter C_LMB_NUM_SLAVES bound to: 1 - type: integer 
	Parameter C_LMB_DWIDTH bound to: 32 - type: integer 
	Parameter C_LMB_AWIDTH bound to: 32 - type: integer 
	Parameter C_EXT_RESET_HIGH bound to: 1 - type: integer 
INFO: [Synth 8-3491] module 'lmb_v10' declared at 'c:/Users/Jerome/Desktop/Programming_Learning/FPGA/SoC/Projects/GPIO_uBlaze_N4/GPIO_uBlaze_N4/GPIO_uBlaze_N4/GPIO_uBlaze_N4.srcs/sources_1/bd/uBlaze/ipshared/78eb/hdl/lmb_v10_v3_0_vh_rfs.vhd:92' bound to instance 'U0' of component 'lmb_v10' [c:/Users/Jerome/Desktop/Programming_Learning/FPGA/SoC/Projects/GPIO_uBlaze_N4/GPIO_uBlaze_N4/GPIO_uBlaze_N4/GPIO_uBlaze_N4.srcs/sources_1/bd/uBlaze/ip/uBlaze_ilmb_v10_0/synth/uBlaze_ilmb_v10_0.vhd:164]
INFO: [Synth 8-638] synthesizing module 'lmb_v10' [c:/Users/Jerome/Desktop/Programming_Learning/FPGA/SoC/Projects/GPIO_uBlaze_N4/GPIO_uBlaze_N4/GPIO_uBlaze_N4/GPIO_uBlaze_N4.srcs/sources_1/bd/uBlaze/ipshared/78eb/hdl/lmb_v10_v3_0_vh_rfs.vhd:140]
	Parameter C_LMB_NUM_SLAVES bound to: 1 - type: integer 
	Parameter C_LMB_DWIDTH bound to: 32 - type: integer 
	Parameter C_LMB_AWIDTH bound to: 32 - type: integer 
	Parameter C_EXT_RESET_HIGH bound to: 1 - type: integer 
INFO: [Synth 8-3491] module 'FDS' declared at 'C:/Xilinx/Vivado/2018.2/scripts/rt/data/unisim_comp.v:4089' bound to instance 'POR_FF_I' of component 'FDS' [c:/Users/Jerome/Desktop/Programming_Learning/FPGA/SoC/Projects/GPIO_uBlaze_N4/GPIO_uBlaze_N4/GPIO_uBlaze_N4/GPIO_uBlaze_N4.srcs/sources_1/bd/uBlaze/ipshared/78eb/hdl/lmb_v10_v3_0_vh_rfs.vhd:169]
INFO: [Synth 8-6157] synthesizing module 'FDS' [C:/Xilinx/Vivado/2018.2/scripts/rt/data/unisim_comp.v:4089]
	Parameter INIT bound to: 1'b1 
INFO: [Synth 8-6155] done synthesizing module 'FDS' (1#1) [C:/Xilinx/Vivado/2018.2/scripts/rt/data/unisim_comp.v:4089]
INFO: [Synth 8-256] done synthesizing module 'lmb_v10' (2#1) [c:/Users/Jerome/Desktop/Programming_Learning/FPGA/SoC/Projects/GPIO_uBlaze_N4/GPIO_uBlaze_N4/GPIO_uBlaze_N4/GPIO_uBlaze_N4.srcs/sources_1/bd/uBlaze/ipshared/78eb/hdl/lmb_v10_v3_0_vh_rfs.vhd:140]
INFO: [Synth 8-256] done synthesizing module 'uBlaze_ilmb_v10_0' (3#1) [c:/Users/Jerome/Desktop/Programming_Learning/FPGA/SoC/Projects/GPIO_uBlaze_N4/GPIO_uBlaze_N4/GPIO_uBlaze_N4/GPIO_uBlaze_N4.srcs/sources_1/bd/uBlaze/ip/uBlaze_ilmb_v10_0/synth/uBlaze_ilmb_v10_0.vhd:89]
---------------------------------------------------------------------------------
Finished RTL Elaboration : Time (s): cpu = 00:00:06 ; elapsed = 00:00:06 . Memory (MB): peak = 457.793 ; gain = 154.504
---------------------------------------------------------------------------------

Report Check Netlist: 
+------+------------------+-------+---------+-------+------------------+
|      |Item              |Errors |Warnings |Status |Description       |
+------+------------------+-------+---------+-------+------------------+
|1     |multi_driven_nets |      0|        0|Passed |Multi driven nets |
+------+------------------+-------+---------+-------+------------------+
---------------------------------------------------------------------------------
Start Handling Custom Attributes
---------------------------------------------------------------------------------
---------------------------------------------------------------------------------
Finished Handling Custom Attributes : Time (s): cpu = 00:00:06 ; elapsed = 00:00:07 . Memory (MB): peak = 457.793 ; gain = 154.504
---------------------------------------------------------------------------------
---------------------------------------------------------------------------------
Finished RTL Optimization Phase 1 : Time (s): cpu = 00:00:06 ; elapsed = 00:00:07 . Memory (MB): peak = 457.793 ; gain = 154.504
---------------------------------------------------------------------------------
INFO: [Netlist 29-17] Analyzing 1 Unisim elements for replacement
INFO: [Netlist 29-28] Unisim Transformation completed in 0 CPU seconds
INFO: [Device 21-403] Loading part xc7a100tcsg324-1
INFO: [Project 1-570] Preparing netlist for logic optimization

Processing XDC Constraints
Initializing timing engine
Parsing XDC File [c:/Users/Jerome/Desktop/Programming_Learning/FPGA/SoC/Projects/GPIO_uBlaze_N4/GPIO_uBlaze_N4/GPIO_uBlaze_N4/GPIO_uBlaze_N4.srcs/sources_1/bd/uBlaze/ip/uBlaze_ilmb_v10_0/uBlaze_ilmb_v10_0_ooc.xdc] for cell 'U0'
Finished Parsing XDC File [c:/Users/Jerome/Desktop/Programming_Learning/FPGA/SoC/Projects/GPIO_uBlaze_N4/GPIO_uBlaze_N4/GPIO_uBlaze_N4/GPIO_uBlaze_N4.srcs/sources_1/bd/uBlaze/ip/uBlaze_ilmb_v10_0/uBlaze_ilmb_v10_0_ooc.xdc] for cell 'U0'
Parsing XDC File [c:/Users/Jerome/Desktop/Programming_Learning/FPGA/SoC/Projects/GPIO_uBlaze_N4/GPIO_uBlaze_N4/GPIO_uBlaze_N4/GPIO_uBlaze_N4.srcs/sources_1/bd/uBlaze/ip/uBlaze_ilmb_v10_0/uBlaze_ilmb_v10_0.xdc] for cell 'U0'
Finished Parsing XDC File [c:/Users/Jerome/Desktop/Programming_Learning/FPGA/SoC/Projects/GPIO_uBlaze_N4/GPIO_uBlaze_N4/GPIO_uBlaze_N4/GPIO_uBlaze_N4.srcs/sources_1/bd/uBlaze/ip/uBlaze_ilmb_v10_0/uBlaze_ilmb_v10_0.xdc] for cell 'U0'
Parsing XDC File [C:/Users/Jerome/Desktop/Programming_Learning/FPGA/SoC/Projects/GPIO_uBlaze_N4/GPIO_uBlaze_N4/GPIO_uBlaze_N4/GPIO_uBlaze_N4.runs/uBlaze_ilmb_v10_0_synth_1/dont_touch.xdc]
Finished Parsing XDC File [C:/Users/Jerome/Desktop/Programming_Learning/FPGA/SoC/Projects/GPIO_uBlaze_N4/GPIO_uBlaze_N4/GPIO_uBlaze_N4/GPIO_uBlaze_N4.runs/uBlaze_ilmb_v10_0_synth_1/dont_touch.xdc]
Completed Processing XDC Constraints

INFO: [Project 1-111] Unisim Transformation Summary:
  A total of 1 instances were transformed.
  FDS => FDSE: 1 instances

Constraint Validation Runtime : Time (s): cpu = 00:00:00 ; elapsed = 00:00:00.040 . Memory (MB): peak = 717.156 ; gain = 1.574
---------------------------------------------------------------------------------
Finished Constraint Validation : Time (s): cpu = 00:00:20 ; elapsed = 00:00:26 . Memory (MB): peak = 717.156 ; gain = 413.867
---------------------------------------------------------------------------------
---------------------------------------------------------------------------------
Start Loading Part and Timing Information
---------------------------------------------------------------------------------
Loading part: xc7a100tcsg324-1
---------------------------------------------------------------------------------
Finished Loading Part and Timing Information : Time (s): cpu = 00:00:20 ; elapsed = 00:00:26 . Memory (MB): peak = 717.156 ; gain = 413.867
---------------------------------------------------------------------------------
---------------------------------------------------------------------------------
Start Applying 'set_property' XDC Constraints
---------------------------------------------------------------------------------
Applied set_property DONT_TOUCH = true for U0. (constraint file  C:/Users/Jerome/Desktop/Programming_Learning/FPGA/SoC/Projects/GPIO_uBlaze_N4/GPIO_uBlaze_N4/GPIO_uBlaze_N4/GPIO_uBlaze_N4.runs/uBlaze_ilmb_v10_0_synth_1/dont_touch.xdc, line 9).
---------------------------------------------------------------------------------
Finished applying 'set_property' XDC Constraints : Time (s): cpu = 00:00:20 ; elapsed = 00:00:26 . Memory (MB): peak = 717.156 ; gain = 413.867
---------------------------------------------------------------------------------
---------------------------------------------------------------------------------
Finished RTL Optimization Phase 2 : Time (s): cpu = 00:00:20 ; elapsed = 00:00:27 . Memory (MB): peak = 717.156 ; gain = 413.867
---------------------------------------------------------------------------------

Report RTL Partitions: 
+-+--------------+------------+----------+
| |RTL Partition |Replication |Instances |
+-+--------------+------------+----------+
+-+--------------+------------+----------+
---------------------------------------------------------------------------------
Start RTL Component Statistics 
---------------------------------------------------------------------------------
Detailed RTL Component Info : 
---------------------------------------------------------------------------------
Finished RTL Component Statistics 
---------------------------------------------------------------------------------
---------------------------------------------------------------------------------
Start RTL Hierarchical Component Statistics 
---------------------------------------------------------------------------------
Hierarchical RTL Component report 
---------------------------------------------------------------------------------
Finished RTL Hierarchical Component Statistics
---------------------------------------------------------------------------------
---------------------------------------------------------------------------------
Start Part Resource Summary
---------------------------------------------------------------------------------
Part Resources:
DSPs: 240 (col length:80)
BRAMs: 270 (col length: RAMB18 80 RAMB36 40)
---------------------------------------------------------------------------------
Finished Part Resource Summary
---------------------------------------------------------------------------------
---------------------------------------------------------------------------------
Start Cross Boundary and Area Optimization
---------------------------------------------------------------------------------
Warning: Parallel synthesis criteria is not met 
---------------------------------------------------------------------------------
Finished Cross Boundary and Area Optimization : Time (s): cpu = 00:00:21 ; elapsed = 00:00:28 . Memory (MB): peak = 717.156 ; gain = 413.867
---------------------------------------------------------------------------------

Report RTL Partitions: 
+-+--------------+------------+----------+
| |RTL Partition |Replication |Instances |
+-+--------------+------------+----------+
+-+--------------+------------+----------+
---------------------------------------------------------------------------------
Start Applying XDC Timing Constraints
---------------------------------------------------------------------------------
---------------------------------------------------------------------------------
Finished Applying XDC Timing Constraints : Time (s): cpu = 00:00:35 ; elapsed = 00:00:45 . Memory (MB): peak = 769.891 ; gain = 466.602
---------------------------------------------------------------------------------
---------------------------------------------------------------------------------
Start Timing Optimization
---------------------------------------------------------------------------------
---------------------------------------------------------------------------------
Finished Timing Optimization : Time (s): cpu = 00:00:35 ; elapsed = 00:00:45 . Memory (MB): peak = 769.965 ; gain = 466.676
---------------------------------------------------------------------------------

Report RTL Partitions: 
+-+--------------+------------+----------+
| |RTL Partition |Replication |Instances |
+-+--------------+------------+----------+
+-+--------------+------------+----------+
---------------------------------------------------------------------------------
Start Technology Mapping
---------------------------------------------------------------------------------
---------------------------------------------------------------------------------
Finished Technology Mapping : Time (s): cpu = 00:00:35 ; elapsed = 00:00:45 . Memory (MB): peak = 769.965 ; gain = 466.676
---------------------------------------------------------------------------------

Report RTL Partitions: 
+-+--------------+------------+----------+
| |RTL Partition |Replication |Instances |
+-+--------------+------------+----------+
+-+--------------+------------+----------+
---------------------------------------------------------------------------------
Start IO Insertion
---------------------------------------------------------------------------------
---------------------------------------------------------------------------------
Start Flattening Before IO Insertion
---------------------------------------------------------------------------------
---------------------------------------------------------------------------------
Finished Flattening Before IO Insertion
---------------------------------------------------------------------------------
---------------------------------------------------------------------------------
Start Final Netlist Cleanup
---------------------------------------------------------------------------------
---------------------------------------------------------------------------------
Finished Final Netlist Cleanup
---------------------------------------------------------------------------------
---------------------------------------------------------------------------------
Finished IO Insertion : Time (s): cpu = 00:00:37 ; elapsed = 00:00:47 . Memory (MB): peak = 771.004 ; gain = 467.715
---------------------------------------------------------------------------------

Report Check Netlist: 
+------+------------------+-------+---------+-------+------------------+
|      |Item              |Errors |Warnings |Status |Description       |
+------+------------------+-------+---------+-------+------------------+
|1     |multi_driven_nets |      0|        0|Passed |Multi driven nets |
+------+------------------+-------+---------+-------+------------------+
---------------------------------------------------------------------------------
Start Renaming Generated Instances
---------------------------------------------------------------------------------
---------------------------------------------------------------------------------
Finished Renaming Generated Instances : Time (s): cpu = 00:00:37 ; elapsed = 00:00:47 . Memory (MB): peak = 771.004 ; gain = 467.715
---------------------------------------------------------------------------------

Report RTL Partitions: 
+-+--------------+------------+----------+
| |RTL Partition |Replication |Instances |
+-+--------------+------------+----------+
+-+--------------+------------+----------+
---------------------------------------------------------------------------------
Start Rebuilding User Hierarchy
---------------------------------------------------------------------------------
---------------------------------------------------------------------------------
Finished Rebuilding User Hierarchy : Time (s): cpu = 00:00:37 ; elapsed = 00:00:47 . Memory (MB): peak = 771.004 ; gain = 467.715
---------------------------------------------------------------------------------
---------------------------------------------------------------------------------
Start Renaming Generated Ports
---------------------------------------------------------------------------------
---------------------------------------------------------------------------------
Finished Renaming Generated Ports : Time (s): cpu = 00:00:37 ; elapsed = 00:00:47 . Memory (MB): peak = 771.004 ; gain = 467.715
---------------------------------------------------------------------------------
---------------------------------------------------------------------------------
Start Handling Custom Attributes
---------------------------------------------------------------------------------
---------------------------------------------------------------------------------
Finished Handling Custom Attributes : Time (s): cpu = 00:00:37 ; elapsed = 00:00:47 . Memory (MB): peak = 771.004 ; gain = 467.715
---------------------------------------------------------------------------------
---------------------------------------------------------------------------------
Start Renaming Generated Nets
---------------------------------------------------------------------------------
---------------------------------------------------------------------------------
Finished Renaming Generated Nets : Time (s): cpu = 00:00:37 ; elapsed = 00:00:47 . Memory (MB): peak = 771.004 ; gain = 467.715
---------------------------------------------------------------------------------
---------------------------------------------------------------------------------
Start Writing Synthesis Report
---------------------------------------------------------------------------------

Report BlackBoxes: 
+-+--------------+----------+
| |BlackBox name |Instances |
+-+--------------+----------+
+-+--------------+----------+

Report Cell Usage: 
+------+-----+------+
|      |Cell |Count |
+------+-----+------+
|1     |FDS  |     1|
+------+-----+------+

Report Instance Areas: 
+------+---------+--------+------+
|      |Instance |Module  |Cells |
+------+---------+--------+------+
|1     |top      |        |     1|
|2     |  U0     |lmb_v10 |     1|
+------+---------+--------+------+
---------------------------------------------------------------------------------
Finished Writing Synthesis Report : Time (s): cpu = 00:00:37 ; elapsed = 00:00:47 . Memory (MB): peak = 771.004 ; gain = 467.715
---------------------------------------------------------------------------------
Synthesis finished with 0 errors, 0 critical warnings and 0 warnings.
Synthesis Optimization Runtime : Time (s): cpu = 00:00:21 ; elapsed = 00:00:33 . Memory (MB): peak = 771.004 ; gain = 208.352
Synthesis Optimization Complete : Time (s): cpu = 00:00:37 ; elapsed = 00:00:47 . Memory (MB): peak = 771.008 ; gain = 467.715
INFO: [Project 1-571] Translating synthesized netlist
INFO: [Netlist 29-17] Analyzing 1 Unisim elements for replacement
INFO: [Netlist 29-28] Unisim Transformation completed in 0 CPU seconds
INFO: [Project 1-570] Preparing netlist for logic optimization
INFO: [Opt 31-138] Pushed 0 inverter(s) to 0 load pin(s).
INFO: [Project 1-111] Unisim Transformation Summary:
  A total of 1 instances were transformed.
  FDS => FDSE: 1 instances

INFO: [Common 17-83] Releasing license: Synthesis
21 Infos, 1 Warnings, 0 Critical Warnings and 0 Errors encountered.
synth_design completed successfully
synth_design: Time (s): cpu = 00:00:39 ; elapsed = 00:00:51 . Memory (MB): peak = 795.234 ; gain = 503.414
WARNING: [Constraints 18-5210] No constraint will be written out.
INFO: [Common 17-1381] The checkpoint 'C:/Users/Jerome/Desktop/Programming_Learning/FPGA/SoC/Projects/GPIO_uBlaze_N4/GPIO_uBlaze_N4/GPIO_uBlaze_N4/GPIO_uBlaze_N4.runs/uBlaze_ilmb_v10_0_synth_1/uBlaze_ilmb_v10_0.dcp' has been generated.
