#-----------------------------------------------------------
# Webtalk v2018.2.1 (64-bit)
# SW Build 2288692 on Thu Jul 26 18:24:02 MDT 2018
# 
# Start of session at: Mon Oct 15 16:14:01 2018
# Process ID: 13424
# Current directory: C:/Users/Jerome/Desktop/Programming_Learning/FPGA/SoC/Projects/GPIO_uBlaze_N4/GPIO_uBlaze_N4/GPIO_uBlaze_N4/GPIO_uBlaze_N4.sdk/webtalk
# Command line: wbtcv.exe -mode batch -source sdk_webtalk.tcl
# Log file: C:/Users/Jerome/Desktop/Programming_Learning/FPGA/SoC/Projects/GPIO_uBlaze_N4/GPIO_uBlaze_N4/GPIO_uBlaze_N4/GPIO_uBlaze_N4.sdk/webtalk/webtalk.log
# Journal file: C:/Users/Jerome/Desktop/Programming_Learning/FPGA/SoC/Projects/GPIO_uBlaze_N4/GPIO_uBlaze_N4/GPIO_uBlaze_N4/GPIO_uBlaze_N4.sdk/webtalk\webtalk.jou
#-----------------------------------------------------------
source sdk_webtalk.tcl
# webtalk_init -webtalk_dir C:\\Users\\Jerome\\Desktop\\Programming_Learning\\FPGA\\SoC\\Projects\\GPIO_uBlaze_N4\\GPIO_uBlaze_N4\\GPIO_uBlaze_N4\\GPIO_uBlaze_N4.sdk\\webtalk
# webtalk_register_client -client project
# webtalk_add_data -client project -key date_generated -value "2018-10-15 16:13:59" -context "software_version_and_target_device"
# webtalk_add_data -client project -key product_version -value "SDK v2018.2" -context "software_version_and_target_device"
# webtalk_add_data -client project -key build_version -value "2018.2" -context "software_version_and_target_device"
# webtalk_add_data -client project -key os_platform -value "amd64" -context "software_version_and_target_device"
# webtalk_add_data -client project -key registration_id -value "210800231_1777521650_0_069" -context "software_version_and_target_device"
# webtalk_add_data -client project -key tool_flow -value "SDK" -context "software_version_and_target_device"
# webtalk_add_data -client project -key beta -value "false" -context "software_version_and_target_device"
# webtalk_add_data -client project -key route_design -value "NA" -context "software_version_and_target_device"
# webtalk_add_data -client project -key target_family -value "NA" -context "software_version_and_target_device"
# webtalk_add_data -client project -key target_device -value "NA" -context "software_version_and_target_device"
# webtalk_add_data -client project -key target_package -value "NA" -context "software_version_and_target_device"
# webtalk_add_data -client project -key target_speed -value "NA" -context "software_version_and_target_device"
# webtalk_add_data -client project -key random_id -value "hdfg4v329seqo192taun662l6m" -context "software_version_and_target_device"
# webtalk_add_data -client project -key project_id -value "2018.2_10" -context "software_version_and_target_device"
# webtalk_add_data -client project -key project_iteration -value "10" -context "software_version_and_target_device"
# webtalk_add_data -client project -key os_name -value "Microsoft Windows 8 or later , 64-bit" -context "user_environment"
# webtalk_add_data -client project -key os_release -value "major release  (build 9200)" -context "user_environment"
# webtalk_add_data -client project -key cpu_name -value "Intel(R) Core(TM) i7-7700HQ CPU @ 2.80GHz" -context "user_environment"
# webtalk_add_data -client project -key cpu_speed -value "2808 MHz" -context "user_environment"
# webtalk_add_data -client project -key total_processors -value "1" -context "user_environment"
# webtalk_add_data -client project -key system_ram -value "16.992 GB" -context "user_environment"
# webtalk_register_client -client sdk
# webtalk_add_data -client sdk -key uid -value "1539615304920" -context "sdk\\\\bsp/1539615304920"
# webtalk_add_data -client sdk -key hwid -value "1539614531464" -context "sdk\\\\bsp/1539615304920"
# webtalk_add_data -client sdk -key os -value "standalone" -context "sdk\\\\bsp/1539615304920"
# webtalk_add_data -client sdk -key apptemplate -value "hello_world" -context "sdk\\\\bsp/1539615304920"
# webtalk_add_data -client sdk -key RecordType -value "BSPCreation" -context "sdk\\\\bsp/1539615304920"
# webtalk_add_data -client sdk -key uid -value "1539615309695" -context "sdk\\\\application/1539615309695"
# webtalk_add_data -client sdk -key hwid -value "1539614531464" -context "sdk\\\\application/1539615309695"
# webtalk_add_data -client sdk -key bspid -value "1539615304920" -context "sdk\\\\application/1539615309695"
# webtalk_add_data -client sdk -key newbsp -value "true" -context "sdk\\\\application/1539615309695"
# webtalk_add_data -client sdk -key os -value "standalone" -context "sdk\\\\application/1539615309695"
# webtalk_add_data -client sdk -key apptemplate -value "hello_world" -context "sdk\\\\application/1539615309695"
# webtalk_add_data -client sdk -key RecordType -value "APPCreation" -context "sdk\\\\application/1539615309695"
# webtalk_add_data -client sdk -key LangUsed -value "C" -context "sdk\\\\application/1539615309695"
# webtalk_add_data -client sdk -key Procused -value "microblaze" -context "sdk\\\\application/1539615309695"
# webtalk_add_data -client sdk -key projSize -value "89.5859375" -context "sdk\\\\application/1539615309695"
# webtalk_add_data -client sdk -key uid -value "NA" -context "sdk\\\\bsp/1539616439981"
# webtalk_add_data -client sdk -key RecordType -value "ToolUsage" -context "sdk\\\\bsp/1539616439981"
# webtalk_add_data -client sdk -key BootgenCount -value "0" -context "sdk\\\\bsp/1539616439981"
# webtalk_add_data -client sdk -key DebugCount -value "0" -context "sdk\\\\bsp/1539616439981"
# webtalk_add_data -client sdk -key PerfCount -value "0" -context "sdk\\\\bsp/1539616439981"
# webtalk_add_data -client sdk -key FlashCount -value "0" -context "sdk\\\\bsp/1539616439981"
# webtalk_add_data -client sdk -key CrossTriggCount -value "0" -context "sdk\\\\bsp/1539616439981"
# webtalk_add_data -client sdk -key QemuDebugCount -value "0" -context "sdk\\\\bsp/1539616439981"
# webtalk_transmit -clientid 160197986 -regid "210800231_1777521650_0_069" -xml C:\\Users\\Jerome\\Desktop\\Programming_Learning\\FPGA\\SoC\\Projects\\GPIO_uBlaze_N4\\GPIO_uBlaze_N4\\GPIO_uBlaze_N4\\GPIO_uBlaze_N4.sdk\\webtalk\\usage_statistics_ext_sdk.xml -html C:\\Users\\Jerome\\Desktop\\Programming_Learning\\FPGA\\SoC\\Projects\\GPIO_uBlaze_N4\\GPIO_uBlaze_N4\\GPIO_uBlaze_N4\\GPIO_uBlaze_N4.sdk\\webtalk\\usage_statistics_ext_sdk.html -wdm C:\\Users\\Jerome\\Desktop\\Programming_Learning\\FPGA\\SoC\\Projects\\GPIO_uBlaze_N4\\GPIO_uBlaze_N4\\GPIO_uBlaze_N4\\GPIO_uBlaze_N4.sdk\\webtalk\\sdk_webtalk.wdm -intro "<H3>SDK Usage Report</H3><BR>"
INFO: [Common 17-186] 'C:\Users\Jerome\Desktop\Programming_Learning\FPGA\SoC\Projects\GPIO_uBlaze_N4\GPIO_uBlaze_N4\GPIO_uBlaze_N4\GPIO_uBlaze_N4.sdk\webtalk\usage_statistics_ext_sdk.xml' has been successfully sent to Xilinx on Mon Oct 15 16:14:08 2018. For additional details about this file, please refer to the WebTalk help file at C:/Xilinx/SDK/2018.2/doc/webtalk_introduction.html.
# webtalk_terminate
INFO: [Common 17-206] Exiting Webtalk at Mon Oct 15 16:14:08 2018...
