
*** Running vivado
    with args -log uBlaze_wrapper.vds -m64 -product Vivado -mode batch -messageDb vivado.pb -notrace -source uBlaze_wrapper.tcl


****** Vivado v2018.2.1 (64-bit)
  **** SW Build 2288692 on Thu Jul 26 18:24:02 MDT 2018
  **** IP Build 2289599 on Thu Jul 26 21:09:20 MDT 2018
    ** Copyright 1986-2018 Xilinx, Inc. All Rights Reserved.

source uBlaze_wrapper.tcl -notrace
INFO: [IP_Flow 19-234] Refreshing IP repositories
INFO: [IP_Flow 19-1700] Loaded user IP repository 'c:/Users/Jerome/Desktop/Important Temp/vivado-library-master'.
INFO: [IP_Flow 19-2313] Loaded Vivado IP repository 'C:/Xilinx/Vivado/2018.2/data/ip'.
add_files: Time (s): cpu = 00:00:09 ; elapsed = 00:00:10 . Memory (MB): peak = 350.086 ; gain = 88.574
Command: synth_design -top uBlaze_wrapper -part xc7a100tcsg324-1
Starting synth_design
Attempting to get a license for feature 'Synthesis' and/or device 'xc7a100t'
INFO: [Common 17-349] Got license for feature 'Synthesis' and/or device 'xc7a100t'
INFO: Launching helper process for spawning children vivado processes
INFO: Helper process launched with PID 15152 
---------------------------------------------------------------------------------
Starting RTL Elaboration : Time (s): cpu = 00:00:03 ; elapsed = 00:00:03 . Memory (MB): peak = 458.000 ; gain = 101.004
---------------------------------------------------------------------------------
INFO: [Synth 8-638] synthesizing module 'uBlaze_wrapper' [C:/Users/Jerome/Desktop/Programming_Learning/FPGA/SoC/Projects/GPIO_uBlaze_N4/GPIO_uBlaze_N4/GPIO_uBlaze_N4.srcs/sources_1/bd/uBlaze/hdl/uBlaze_wrapper.vhd:33]
INFO: [Synth 8-3491] module 'IOBUF' declared at 'C:/Xilinx/Vivado/2018.2/scripts/rt/data/unisim_comp.v:22660' bound to instance 'jc_pin10_iobuf' of component 'IOBUF' [C:/Users/Jerome/Desktop/Programming_Learning/FPGA/SoC/Projects/GPIO_uBlaze_N4/GPIO_uBlaze_N4/GPIO_uBlaze_N4.srcs/sources_1/bd/uBlaze/hdl/uBlaze_wrapper.vhd:167]
INFO: [Synth 8-6157] synthesizing module 'IOBUF' [C:/Xilinx/Vivado/2018.2/scripts/rt/data/unisim_comp.v:22660]
	Parameter DRIVE bound to: 12 - type: integer 
	Parameter IBUF_LOW_PWR bound to: TRUE - type: string 
	Parameter IOSTANDARD bound to: DEFAULT - type: string 
	Parameter SLEW bound to: SLOW - type: string 
INFO: [Synth 8-6155] done synthesizing module 'IOBUF' (1#1) [C:/Xilinx/Vivado/2018.2/scripts/rt/data/unisim_comp.v:22660]
INFO: [Synth 8-3491] module 'IOBUF' declared at 'C:/Xilinx/Vivado/2018.2/scripts/rt/data/unisim_comp.v:22660' bound to instance 'jc_pin1_iobuf' of component 'IOBUF' [C:/Users/Jerome/Desktop/Programming_Learning/FPGA/SoC/Projects/GPIO_uBlaze_N4/GPIO_uBlaze_N4/GPIO_uBlaze_N4.srcs/sources_1/bd/uBlaze/hdl/uBlaze_wrapper.vhd:174]
INFO: [Synth 8-3491] module 'IOBUF' declared at 'C:/Xilinx/Vivado/2018.2/scripts/rt/data/unisim_comp.v:22660' bound to instance 'jc_pin2_iobuf' of component 'IOBUF' [C:/Users/Jerome/Desktop/Programming_Learning/FPGA/SoC/Projects/GPIO_uBlaze_N4/GPIO_uBlaze_N4/GPIO_uBlaze_N4.srcs/sources_1/bd/uBlaze/hdl/uBlaze_wrapper.vhd:181]
INFO: [Synth 8-3491] module 'IOBUF' declared at 'C:/Xilinx/Vivado/2018.2/scripts/rt/data/unisim_comp.v:22660' bound to instance 'jc_pin3_iobuf' of component 'IOBUF' [C:/Users/Jerome/Desktop/Programming_Learning/FPGA/SoC/Projects/GPIO_uBlaze_N4/GPIO_uBlaze_N4/GPIO_uBlaze_N4.srcs/sources_1/bd/uBlaze/hdl/uBlaze_wrapper.vhd:188]
INFO: [Synth 8-3491] module 'IOBUF' declared at 'C:/Xilinx/Vivado/2018.2/scripts/rt/data/unisim_comp.v:22660' bound to instance 'jc_pin4_iobuf' of component 'IOBUF' [C:/Users/Jerome/Desktop/Programming_Learning/FPGA/SoC/Projects/GPIO_uBlaze_N4/GPIO_uBlaze_N4/GPIO_uBlaze_N4.srcs/sources_1/bd/uBlaze/hdl/uBlaze_wrapper.vhd:195]
INFO: [Synth 8-3491] module 'IOBUF' declared at 'C:/Xilinx/Vivado/2018.2/scripts/rt/data/unisim_comp.v:22660' bound to instance 'jc_pin7_iobuf' of component 'IOBUF' [C:/Users/Jerome/Desktop/Programming_Learning/FPGA/SoC/Projects/GPIO_uBlaze_N4/GPIO_uBlaze_N4/GPIO_uBlaze_N4.srcs/sources_1/bd/uBlaze/hdl/uBlaze_wrapper.vhd:202]
INFO: [Synth 8-3491] module 'IOBUF' declared at 'C:/Xilinx/Vivado/2018.2/scripts/rt/data/unisim_comp.v:22660' bound to instance 'jc_pin8_iobuf' of component 'IOBUF' [C:/Users/Jerome/Desktop/Programming_Learning/FPGA/SoC/Projects/GPIO_uBlaze_N4/GPIO_uBlaze_N4/GPIO_uBlaze_N4.srcs/sources_1/bd/uBlaze/hdl/uBlaze_wrapper.vhd:209]
INFO: [Synth 8-3491] module 'IOBUF' declared at 'C:/Xilinx/Vivado/2018.2/scripts/rt/data/unisim_comp.v:22660' bound to instance 'jc_pin9_iobuf' of component 'IOBUF' [C:/Users/Jerome/Desktop/Programming_Learning/FPGA/SoC/Projects/GPIO_uBlaze_N4/GPIO_uBlaze_N4/GPIO_uBlaze_N4.srcs/sources_1/bd/uBlaze/hdl/uBlaze_wrapper.vhd:216]
INFO: [Synth 8-3491] module 'IOBUF' declared at 'C:/Xilinx/Vivado/2018.2/scripts/rt/data/unisim_comp.v:22660' bound to instance 'led_16bits_tri_iobuf_0' of component 'IOBUF' [C:/Users/Jerome/Desktop/Programming_Learning/FPGA/SoC/Projects/GPIO_uBlaze_N4/GPIO_uBlaze_N4/GPIO_uBlaze_N4.srcs/sources_1/bd/uBlaze/hdl/uBlaze_wrapper.vhd:223]
INFO: [Synth 8-3491] module 'IOBUF' declared at 'C:/Xilinx/Vivado/2018.2/scripts/rt/data/unisim_comp.v:22660' bound to instance 'led_16bits_tri_iobuf_1' of component 'IOBUF' [C:/Users/Jerome/Desktop/Programming_Learning/FPGA/SoC/Projects/GPIO_uBlaze_N4/GPIO_uBlaze_N4/GPIO_uBlaze_N4.srcs/sources_1/bd/uBlaze/hdl/uBlaze_wrapper.vhd:230]
INFO: [Synth 8-3491] module 'IOBUF' declared at 'C:/Xilinx/Vivado/2018.2/scripts/rt/data/unisim_comp.v:22660' bound to instance 'led_16bits_tri_iobuf_10' of component 'IOBUF' [C:/Users/Jerome/Desktop/Programming_Learning/FPGA/SoC/Projects/GPIO_uBlaze_N4/GPIO_uBlaze_N4/GPIO_uBlaze_N4.srcs/sources_1/bd/uBlaze/hdl/uBlaze_wrapper.vhd:237]
INFO: [Synth 8-3491] module 'IOBUF' declared at 'C:/Xilinx/Vivado/2018.2/scripts/rt/data/unisim_comp.v:22660' bound to instance 'led_16bits_tri_iobuf_11' of component 'IOBUF' [C:/Users/Jerome/Desktop/Programming_Learning/FPGA/SoC/Projects/GPIO_uBlaze_N4/GPIO_uBlaze_N4/GPIO_uBlaze_N4.srcs/sources_1/bd/uBlaze/hdl/uBlaze_wrapper.vhd:244]
INFO: [Synth 8-3491] module 'IOBUF' declared at 'C:/Xilinx/Vivado/2018.2/scripts/rt/data/unisim_comp.v:22660' bound to instance 'led_16bits_tri_iobuf_12' of component 'IOBUF' [C:/Users/Jerome/Desktop/Programming_Learning/FPGA/SoC/Projects/GPIO_uBlaze_N4/GPIO_uBlaze_N4/GPIO_uBlaze_N4.srcs/sources_1/bd/uBlaze/hdl/uBlaze_wrapper.vhd:251]
INFO: [Synth 8-3491] module 'IOBUF' declared at 'C:/Xilinx/Vivado/2018.2/scripts/rt/data/unisim_comp.v:22660' bound to instance 'led_16bits_tri_iobuf_13' of component 'IOBUF' [C:/Users/Jerome/Desktop/Programming_Learning/FPGA/SoC/Projects/GPIO_uBlaze_N4/GPIO_uBlaze_N4/GPIO_uBlaze_N4.srcs/sources_1/bd/uBlaze/hdl/uBlaze_wrapper.vhd:258]
INFO: [Synth 8-3491] module 'IOBUF' declared at 'C:/Xilinx/Vivado/2018.2/scripts/rt/data/unisim_comp.v:22660' bound to instance 'led_16bits_tri_iobuf_14' of component 'IOBUF' [C:/Users/Jerome/Desktop/Programming_Learning/FPGA/SoC/Projects/GPIO_uBlaze_N4/GPIO_uBlaze_N4/GPIO_uBlaze_N4.srcs/sources_1/bd/uBlaze/hdl/uBlaze_wrapper.vhd:265]
INFO: [Synth 8-3491] module 'IOBUF' declared at 'C:/Xilinx/Vivado/2018.2/scripts/rt/data/unisim_comp.v:22660' bound to instance 'led_16bits_tri_iobuf_15' of component 'IOBUF' [C:/Users/Jerome/Desktop/Programming_Learning/FPGA/SoC/Projects/GPIO_uBlaze_N4/GPIO_uBlaze_N4/GPIO_uBlaze_N4.srcs/sources_1/bd/uBlaze/hdl/uBlaze_wrapper.vhd:272]
INFO: [Synth 8-3491] module 'IOBUF' declared at 'C:/Xilinx/Vivado/2018.2/scripts/rt/data/unisim_comp.v:22660' bound to instance 'led_16bits_tri_iobuf_2' of component 'IOBUF' [C:/Users/Jerome/Desktop/Programming_Learning/FPGA/SoC/Projects/GPIO_uBlaze_N4/GPIO_uBlaze_N4/GPIO_uBlaze_N4.srcs/sources_1/bd/uBlaze/hdl/uBlaze_wrapper.vhd:279]
INFO: [Synth 8-3491] module 'IOBUF' declared at 'C:/Xilinx/Vivado/2018.2/scripts/rt/data/unisim_comp.v:22660' bound to instance 'led_16bits_tri_iobuf_3' of component 'IOBUF' [C:/Users/Jerome/Desktop/Programming_Learning/FPGA/SoC/Projects/GPIO_uBlaze_N4/GPIO_uBlaze_N4/GPIO_uBlaze_N4.srcs/sources_1/bd/uBlaze/hdl/uBlaze_wrapper.vhd:286]
INFO: [Synth 8-3491] module 'IOBUF' declared at 'C:/Xilinx/Vivado/2018.2/scripts/rt/data/unisim_comp.v:22660' bound to instance 'led_16bits_tri_iobuf_4' of component 'IOBUF' [C:/Users/Jerome/Desktop/Programming_Learning/FPGA/SoC/Projects/GPIO_uBlaze_N4/GPIO_uBlaze_N4/GPIO_uBlaze_N4.srcs/sources_1/bd/uBlaze/hdl/uBlaze_wrapper.vhd:293]
INFO: [Synth 8-3491] module 'IOBUF' declared at 'C:/Xilinx/Vivado/2018.2/scripts/rt/data/unisim_comp.v:22660' bound to instance 'led_16bits_tri_iobuf_5' of component 'IOBUF' [C:/Users/Jerome/Desktop/Programming_Learning/FPGA/SoC/Projects/GPIO_uBlaze_N4/GPIO_uBlaze_N4/GPIO_uBlaze_N4.srcs/sources_1/bd/uBlaze/hdl/uBlaze_wrapper.vhd:300]
INFO: [Synth 8-3491] module 'IOBUF' declared at 'C:/Xilinx/Vivado/2018.2/scripts/rt/data/unisim_comp.v:22660' bound to instance 'led_16bits_tri_iobuf_6' of component 'IOBUF' [C:/Users/Jerome/Desktop/Programming_Learning/FPGA/SoC/Projects/GPIO_uBlaze_N4/GPIO_uBlaze_N4/GPIO_uBlaze_N4.srcs/sources_1/bd/uBlaze/hdl/uBlaze_wrapper.vhd:307]
INFO: [Synth 8-3491] module 'IOBUF' declared at 'C:/Xilinx/Vivado/2018.2/scripts/rt/data/unisim_comp.v:22660' bound to instance 'led_16bits_tri_iobuf_7' of component 'IOBUF' [C:/Users/Jerome/Desktop/Programming_Learning/FPGA/SoC/Projects/GPIO_uBlaze_N4/GPIO_uBlaze_N4/GPIO_uBlaze_N4.srcs/sources_1/bd/uBlaze/hdl/uBlaze_wrapper.vhd:314]
INFO: [Synth 8-3491] module 'IOBUF' declared at 'C:/Xilinx/Vivado/2018.2/scripts/rt/data/unisim_comp.v:22660' bound to instance 'led_16bits_tri_iobuf_8' of component 'IOBUF' [C:/Users/Jerome/Desktop/Programming_Learning/FPGA/SoC/Projects/GPIO_uBlaze_N4/GPIO_uBlaze_N4/GPIO_uBlaze_N4.srcs/sources_1/bd/uBlaze/hdl/uBlaze_wrapper.vhd:321]
INFO: [Synth 8-3491] module 'IOBUF' declared at 'C:/Xilinx/Vivado/2018.2/scripts/rt/data/unisim_comp.v:22660' bound to instance 'led_16bits_tri_iobuf_9' of component 'IOBUF' [C:/Users/Jerome/Desktop/Programming_Learning/FPGA/SoC/Projects/GPIO_uBlaze_N4/GPIO_uBlaze_N4/GPIO_uBlaze_N4.srcs/sources_1/bd/uBlaze/hdl/uBlaze_wrapper.vhd:328]
INFO: [Synth 8-3491] module 'uBlaze' declared at 'C:/Users/Jerome/Desktop/Programming_Learning/FPGA/SoC/Projects/GPIO_uBlaze_N4/GPIO_uBlaze_N4/GPIO_uBlaze_N4.srcs/sources_1/bd/uBlaze/synth/uBlaze.vhd:2065' bound to instance 'uBlaze_i' of component 'uBlaze' [C:/Users/Jerome/Desktop/Programming_Learning/FPGA/SoC/Projects/GPIO_uBlaze_N4/GPIO_uBlaze_N4/GPIO_uBlaze_N4.srcs/sources_1/bd/uBlaze/hdl/uBlaze_wrapper.vhd:335]
INFO: [Synth 8-638] synthesizing module 'uBlaze' [C:/Users/Jerome/Desktop/Programming_Learning/FPGA/SoC/Projects/GPIO_uBlaze_N4/GPIO_uBlaze_N4/GPIO_uBlaze_N4.srcs/sources_1/bd/uBlaze/synth/uBlaze.vhd:2106]
INFO: [Synth 8-3491] module 'uBlaze_PmodACL2_0_0' declared at 'C:/Users/Jerome/Desktop/Programming_Learning/FPGA/SoC/Projects/GPIO_uBlaze_N4/GPIO_uBlaze_N4/GPIO_uBlaze_N4.runs/synth_1/.Xil/Vivado-12312-DESKTOP-19INJQ0/realtime/uBlaze_PmodACL2_0_0_stub.vhdl:5' bound to instance 'PmodACL2_0' of component 'uBlaze_PmodACL2_0_0' [C:/Users/Jerome/Desktop/Programming_Learning/FPGA/SoC/Projects/GPIO_uBlaze_N4/GPIO_uBlaze_N4/GPIO_uBlaze_N4.srcs/sources_1/bd/uBlaze/synth/uBlaze.vhd:2589]
INFO: [Synth 8-638] synthesizing module 'uBlaze_PmodACL2_0_0' [C:/Users/Jerome/Desktop/Programming_Learning/FPGA/SoC/Projects/GPIO_uBlaze_N4/GPIO_uBlaze_N4/GPIO_uBlaze_N4.runs/synth_1/.Xil/Vivado-12312-DESKTOP-19INJQ0/realtime/uBlaze_PmodACL2_0_0_stub.vhdl:73]
INFO: [Synth 8-3491] module 'uBlaze_axi_gpio_0_0' declared at 'C:/Users/Jerome/Desktop/Programming_Learning/FPGA/SoC/Projects/GPIO_uBlaze_N4/GPIO_uBlaze_N4/GPIO_uBlaze_N4.runs/synth_1/.Xil/Vivado-12312-DESKTOP-19INJQ0/realtime/uBlaze_axi_gpio_0_0_stub.vhdl:5' bound to instance 'axi_gpio_0' of component 'uBlaze_axi_gpio_0_0' [C:/Users/Jerome/Desktop/Programming_Learning/FPGA/SoC/Projects/GPIO_uBlaze_N4/GPIO_uBlaze_N4/GPIO_uBlaze_N4.srcs/sources_1/bd/uBlaze/synth/uBlaze.vhd:2654]
INFO: [Synth 8-638] synthesizing module 'uBlaze_axi_gpio_0_0' [C:/Users/Jerome/Desktop/Programming_Learning/FPGA/SoC/Projects/GPIO_uBlaze_N4/GPIO_uBlaze_N4/GPIO_uBlaze_N4.runs/synth_1/.Xil/Vivado-12312-DESKTOP-19INJQ0/realtime/uBlaze_axi_gpio_0_0_stub.vhdl:31]
INFO: [Synth 8-3491] module 'uBlaze_axi_gpio_1_1' declared at 'C:/Users/Jerome/Desktop/Programming_Learning/FPGA/SoC/Projects/GPIO_uBlaze_N4/GPIO_uBlaze_N4/GPIO_uBlaze_N4.runs/synth_1/.Xil/Vivado-12312-DESKTOP-19INJQ0/realtime/uBlaze_axi_gpio_1_1_stub.vhdl:5' bound to instance 'axi_gpio_1' of component 'uBlaze_axi_gpio_1_1' [C:/Users/Jerome/Desktop/Programming_Learning/FPGA/SoC/Projects/GPIO_uBlaze_N4/GPIO_uBlaze_N4/GPIO_uBlaze_N4.srcs/sources_1/bd/uBlaze/synth/uBlaze.vhd:2677]
INFO: [Synth 8-638] synthesizing module 'uBlaze_axi_gpio_1_1' [C:/Users/Jerome/Desktop/Programming_Learning/FPGA/SoC/Projects/GPIO_uBlaze_N4/GPIO_uBlaze_N4/GPIO_uBlaze_N4.runs/synth_1/.Xil/Vivado-12312-DESKTOP-19INJQ0/realtime/uBlaze_axi_gpio_1_1_stub.vhdl:33]
INFO: [Synth 8-3491] module 'uBlaze_axi_uartlite_0_0' declared at 'C:/Users/Jerome/Desktop/Programming_Learning/FPGA/SoC/Projects/GPIO_uBlaze_N4/GPIO_uBlaze_N4/GPIO_uBlaze_N4.runs/synth_1/.Xil/Vivado-12312-DESKTOP-19INJQ0/realtime/uBlaze_axi_uartlite_0_0_stub.vhdl:5' bound to instance 'axi_uartlite_0' of component 'uBlaze_axi_uartlite_0_0' [C:/Users/Jerome/Desktop/Programming_Learning/FPGA/SoC/Projects/GPIO_uBlaze_N4/GPIO_uBlaze_N4/GPIO_uBlaze_N4.srcs/sources_1/bd/uBlaze/synth/uBlaze.vhd:2702]
INFO: [Synth 8-638] synthesizing module 'uBlaze_axi_uartlite_0_0' [C:/Users/Jerome/Desktop/Programming_Learning/FPGA/SoC/Projects/GPIO_uBlaze_N4/GPIO_uBlaze_N4/GPIO_uBlaze_N4.runs/synth_1/.Xil/Vivado-12312-DESKTOP-19INJQ0/realtime/uBlaze_axi_uartlite_0_0_stub.vhdl:33]
INFO: [Synth 8-3491] module 'uBlaze_clk_wiz_0_0' declared at 'C:/Users/Jerome/Desktop/Programming_Learning/FPGA/SoC/Projects/GPIO_uBlaze_N4/GPIO_uBlaze_N4/GPIO_uBlaze_N4.runs/synth_1/.Xil/Vivado-12312-DESKTOP-19INJQ0/realtime/uBlaze_clk_wiz_0_0_stub.vhdl:5' bound to instance 'clk_wiz_0' of component 'uBlaze_clk_wiz_0_0' [C:/Users/Jerome/Desktop/Programming_Learning/FPGA/SoC/Projects/GPIO_uBlaze_N4/GPIO_uBlaze_N4/GPIO_uBlaze_N4.srcs/sources_1/bd/uBlaze/synth/uBlaze.vhd:2727]
INFO: [Synth 8-638] synthesizing module 'uBlaze_clk_wiz_0_0' [C:/Users/Jerome/Desktop/Programming_Learning/FPGA/SoC/Projects/GPIO_uBlaze_N4/GPIO_uBlaze_N4/GPIO_uBlaze_N4.runs/synth_1/.Xil/Vivado-12312-DESKTOP-19INJQ0/realtime/uBlaze_clk_wiz_0_0_stub.vhdl:15]
INFO: [Synth 8-3491] module 'uBlaze_mdm_1_0' declared at 'C:/Users/Jerome/Desktop/Programming_Learning/FPGA/SoC/Projects/GPIO_uBlaze_N4/GPIO_uBlaze_N4/GPIO_uBlaze_N4.runs/synth_1/.Xil/Vivado-12312-DESKTOP-19INJQ0/realtime/uBlaze_mdm_1_0_stub.vhdl:5' bound to instance 'mdm_1' of component 'uBlaze_mdm_1_0' [C:/Users/Jerome/Desktop/Programming_Learning/FPGA/SoC/Projects/GPIO_uBlaze_N4/GPIO_uBlaze_N4/GPIO_uBlaze_N4.srcs/sources_1/bd/uBlaze/synth/uBlaze.vhd:2734]
INFO: [Synth 8-638] synthesizing module 'uBlaze_mdm_1_0' [C:/Users/Jerome/Desktop/Programming_Learning/FPGA/SoC/Projects/GPIO_uBlaze_N4/GPIO_uBlaze_N4/GPIO_uBlaze_N4.runs/synth_1/.Xil/Vivado-12312-DESKTOP-19INJQ0/realtime/uBlaze_mdm_1_0_stub.vhdl:21]
INFO: [Synth 8-3491] module 'uBlaze_microblaze_0_0' declared at 'C:/Users/Jerome/Desktop/Programming_Learning/FPGA/SoC/Projects/GPIO_uBlaze_N4/GPIO_uBlaze_N4/GPIO_uBlaze_N4.runs/synth_1/.Xil/Vivado-12312-DESKTOP-19INJQ0/realtime/uBlaze_microblaze_0_0_stub.vhdl:5' bound to instance 'microblaze_0' of component 'uBlaze_microblaze_0_0' [C:/Users/Jerome/Desktop/Programming_Learning/FPGA/SoC/Projects/GPIO_uBlaze_N4/GPIO_uBlaze_N4/GPIO_uBlaze_N4.srcs/sources_1/bd/uBlaze/synth/uBlaze.vhd:2747]
INFO: [Synth 8-638] synthesizing module 'uBlaze_microblaze_0_0' [C:/Users/Jerome/Desktop/Programming_Learning/FPGA/SoC/Projects/GPIO_uBlaze_N4/GPIO_uBlaze_N4/GPIO_uBlaze_N4.runs/synth_1/.Xil/Vivado-12312-DESKTOP-19INJQ0/realtime/uBlaze_microblaze_0_0_stub.vhdl:63]
INFO: [Synth 8-638] synthesizing module 'uBlaze_microblaze_0_axi_periph_0' [C:/Users/Jerome/Desktop/Programming_Learning/FPGA/SoC/Projects/GPIO_uBlaze_N4/GPIO_uBlaze_N4/GPIO_uBlaze_N4.srcs/sources_1/bd/uBlaze/synth/uBlaze.vhd:1311]
INFO: [Synth 8-638] synthesizing module 'm00_couplers_imp_FBB4YA' [C:/Users/Jerome/Desktop/Programming_Learning/FPGA/SoC/Projects/GPIO_uBlaze_N4/GPIO_uBlaze_N4/GPIO_uBlaze_N4.srcs/sources_1/bd/uBlaze/synth/uBlaze.vhd:57]
INFO: [Synth 8-256] done synthesizing module 'm00_couplers_imp_FBB4YA' (2#1) [C:/Users/Jerome/Desktop/Programming_Learning/FPGA/SoC/Projects/GPIO_uBlaze_N4/GPIO_uBlaze_N4/GPIO_uBlaze_N4.srcs/sources_1/bd/uBlaze/synth/uBlaze.vhd:57]
INFO: [Synth 8-638] synthesizing module 'm01_couplers_imp_16JS5DV' [C:/Users/Jerome/Desktop/Programming_Learning/FPGA/SoC/Projects/GPIO_uBlaze_N4/GPIO_uBlaze_N4/GPIO_uBlaze_N4.srcs/sources_1/bd/uBlaze/synth/uBlaze.vhd:158]
INFO: [Synth 8-256] done synthesizing module 'm01_couplers_imp_16JS5DV' (3#1) [C:/Users/Jerome/Desktop/Programming_Learning/FPGA/SoC/Projects/GPIO_uBlaze_N4/GPIO_uBlaze_N4/GPIO_uBlaze_N4.srcs/sources_1/bd/uBlaze/synth/uBlaze.vhd:158]
INFO: [Synth 8-638] synthesizing module 'm02_couplers_imp_1CZONU9' [C:/Users/Jerome/Desktop/Programming_Learning/FPGA/SoC/Projects/GPIO_uBlaze_N4/GPIO_uBlaze_N4/GPIO_uBlaze_N4.srcs/sources_1/bd/uBlaze/synth/uBlaze.vhd:259]
INFO: [Synth 8-256] done synthesizing module 'm02_couplers_imp_1CZONU9' (4#1) [C:/Users/Jerome/Desktop/Programming_Learning/FPGA/SoC/Projects/GPIO_uBlaze_N4/GPIO_uBlaze_N4/GPIO_uBlaze_N4.srcs/sources_1/bd/uBlaze/synth/uBlaze.vhd:259]
INFO: [Synth 8-638] synthesizing module 'm03_couplers_imp_8LEMU8' [C:/Users/Jerome/Desktop/Programming_Learning/FPGA/SoC/Projects/GPIO_uBlaze_N4/GPIO_uBlaze_N4/GPIO_uBlaze_N4.srcs/sources_1/bd/uBlaze/synth/uBlaze.vhd:360]
INFO: [Synth 8-256] done synthesizing module 'm03_couplers_imp_8LEMU8' (5#1) [C:/Users/Jerome/Desktop/Programming_Learning/FPGA/SoC/Projects/GPIO_uBlaze_N4/GPIO_uBlaze_N4/GPIO_uBlaze_N4.srcs/sources_1/bd/uBlaze/synth/uBlaze.vhd:360]
INFO: [Synth 8-638] synthesizing module 'm04_couplers_imp_1QZG505' [C:/Users/Jerome/Desktop/Programming_Learning/FPGA/SoC/Projects/GPIO_uBlaze_N4/GPIO_uBlaze_N4/GPIO_uBlaze_N4.srcs/sources_1/bd/uBlaze/synth/uBlaze.vhd:461]
INFO: [Synth 8-256] done synthesizing module 'm04_couplers_imp_1QZG505' (6#1) [C:/Users/Jerome/Desktop/Programming_Learning/FPGA/SoC/Projects/GPIO_uBlaze_N4/GPIO_uBlaze_N4/GPIO_uBlaze_N4.srcs/sources_1/bd/uBlaze/synth/uBlaze.vhd:461]
INFO: [Synth 8-638] synthesizing module 's00_couplers_imp_7GLZ7' [C:/Users/Jerome/Desktop/Programming_Learning/FPGA/SoC/Projects/GPIO_uBlaze_N4/GPIO_uBlaze_N4/GPIO_uBlaze_N4.srcs/sources_1/bd/uBlaze/synth/uBlaze.vhd:1124]
INFO: [Synth 8-256] done synthesizing module 's00_couplers_imp_7GLZ7' (7#1) [C:/Users/Jerome/Desktop/Programming_Learning/FPGA/SoC/Projects/GPIO_uBlaze_N4/GPIO_uBlaze_N4/GPIO_uBlaze_N4.srcs/sources_1/bd/uBlaze/synth/uBlaze.vhd:1124]
INFO: [Synth 8-3491] module 'uBlaze_xbar_0' declared at 'C:/Users/Jerome/Desktop/Programming_Learning/FPGA/SoC/Projects/GPIO_uBlaze_N4/GPIO_uBlaze_N4/GPIO_uBlaze_N4.runs/synth_1/.Xil/Vivado-12312-DESKTOP-19INJQ0/realtime/uBlaze_xbar_0_stub.vhdl:5' bound to instance 'xbar' of component 'uBlaze_xbar_0' [C:/Users/Jerome/Desktop/Programming_Learning/FPGA/SoC/Projects/GPIO_uBlaze_N4/GPIO_uBlaze_N4/GPIO_uBlaze_N4.srcs/sources_1/bd/uBlaze/synth/uBlaze.vhd:1949]
INFO: [Synth 8-638] synthesizing module 'uBlaze_xbar_0' [C:/Users/Jerome/Desktop/Programming_Learning/FPGA/SoC/Projects/GPIO_uBlaze_N4/GPIO_uBlaze_N4/GPIO_uBlaze_N4.runs/synth_1/.Xil/Vivado-12312-DESKTOP-19INJQ0/realtime/uBlaze_xbar_0_stub.vhdl:51]
INFO: [Synth 8-256] done synthesizing module 'uBlaze_microblaze_0_axi_periph_0' (8#1) [C:/Users/Jerome/Desktop/Programming_Learning/FPGA/SoC/Projects/GPIO_uBlaze_N4/GPIO_uBlaze_N4/GPIO_uBlaze_N4.srcs/sources_1/bd/uBlaze/synth/uBlaze.vhd:1311]
INFO: [Synth 8-638] synthesizing module 'microblaze_0_local_memory_imp_126LSC0' [C:/Users/Jerome/Desktop/Programming_Learning/FPGA/SoC/Projects/GPIO_uBlaze_N4/GPIO_uBlaze_N4/GPIO_uBlaze_N4.srcs/sources_1/bd/uBlaze/synth/uBlaze.vhd:545]
INFO: [Synth 8-3491] module 'uBlaze_dlmb_bram_if_cntlr_0' declared at 'C:/Users/Jerome/Desktop/Programming_Learning/FPGA/SoC/Projects/GPIO_uBlaze_N4/GPIO_uBlaze_N4/GPIO_uBlaze_N4.runs/synth_1/.Xil/Vivado-12312-DESKTOP-19INJQ0/realtime/uBlaze_dlmb_bram_if_cntlr_0_stub.vhdl:5' bound to instance 'dlmb_bram_if_cntlr' of component 'uBlaze_dlmb_bram_if_cntlr_0' [C:/Users/Jerome/Desktop/Programming_Learning/FPGA/SoC/Projects/GPIO_uBlaze_N4/GPIO_uBlaze_N4/GPIO_uBlaze_N4.srcs/sources_1/bd/uBlaze/synth/uBlaze.vhd:759]
INFO: [Synth 8-638] synthesizing module 'uBlaze_dlmb_bram_if_cntlr_0' [C:/Users/Jerome/Desktop/Programming_Learning/FPGA/SoC/Projects/GPIO_uBlaze_N4/GPIO_uBlaze_N4/GPIO_uBlaze_N4.runs/synth_1/.Xil/Vivado-12312-DESKTOP-19INJQ0/realtime/uBlaze_dlmb_bram_if_cntlr_0_stub.vhdl:31]
INFO: [Synth 8-3491] module 'uBlaze_dlmb_v10_0' declared at 'C:/Users/Jerome/Desktop/Programming_Learning/FPGA/SoC/Projects/GPIO_uBlaze_N4/GPIO_uBlaze_N4/GPIO_uBlaze_N4.runs/synth_1/.Xil/Vivado-12312-DESKTOP-19INJQ0/realtime/uBlaze_dlmb_v10_0_stub.vhdl:5' bound to instance 'dlmb_v10' of component 'uBlaze_dlmb_v10_0' [C:/Users/Jerome/Desktop/Programming_Learning/FPGA/SoC/Projects/GPIO_uBlaze_N4/GPIO_uBlaze_N4/GPIO_uBlaze_N4.srcs/sources_1/bd/uBlaze/synth/uBlaze.vhd:813]
INFO: [Synth 8-638] synthesizing module 'uBlaze_dlmb_v10_0' [C:/Users/Jerome/Desktop/Programming_Learning/FPGA/SoC/Projects/GPIO_uBlaze_N4/GPIO_uBlaze_N4/GPIO_uBlaze_N4.runs/synth_1/.Xil/Vivado-12312-DESKTOP-19INJQ0/realtime/uBlaze_dlmb_v10_0_stub.vhdl:36]
INFO: [Synth 8-3491] module 'uBlaze_ilmb_bram_if_cntlr_0' declared at 'C:/Users/Jerome/Desktop/Programming_Learning/FPGA/SoC/Projects/GPIO_uBlaze_N4/GPIO_uBlaze_N4/GPIO_uBlaze_N4.runs/synth_1/.Xil/Vivado-12312-DESKTOP-19INJQ0/realtime/uBlaze_ilmb_bram_if_cntlr_0_stub.vhdl:5' bound to instance 'ilmb_bram_if_cntlr' of component 'uBlaze_ilmb_bram_if_cntlr_0' [C:/Users/Jerome/Desktop/Programming_Learning/FPGA/SoC/Projects/GPIO_uBlaze_N4/GPIO_uBlaze_N4/GPIO_uBlaze_N4.srcs/sources_1/bd/uBlaze/synth/uBlaze.vhd:841]
INFO: [Synth 8-638] synthesizing module 'uBlaze_ilmb_bram_if_cntlr_0' [C:/Users/Jerome/Desktop/Programming_Learning/FPGA/SoC/Projects/GPIO_uBlaze_N4/GPIO_uBlaze_N4/GPIO_uBlaze_N4.runs/synth_1/.Xil/Vivado-12312-DESKTOP-19INJQ0/realtime/uBlaze_ilmb_bram_if_cntlr_0_stub.vhdl:31]
INFO: [Synth 8-3491] module 'uBlaze_ilmb_v10_0' declared at 'C:/Users/Jerome/Desktop/Programming_Learning/FPGA/SoC/Projects/GPIO_uBlaze_N4/GPIO_uBlaze_N4/GPIO_uBlaze_N4.runs/synth_1/.Xil/Vivado-12312-DESKTOP-19INJQ0/realtime/uBlaze_ilmb_v10_0_stub.vhdl:5' bound to instance 'ilmb_v10' of component 'uBlaze_ilmb_v10_0' [C:/Users/Jerome/Desktop/Programming_Learning/FPGA/SoC/Projects/GPIO_uBlaze_N4/GPIO_uBlaze_N4/GPIO_uBlaze_N4.srcs/sources_1/bd/uBlaze/synth/uBlaze.vhd:895]
INFO: [Synth 8-638] synthesizing module 'uBlaze_ilmb_v10_0' [C:/Users/Jerome/Desktop/Programming_Learning/FPGA/SoC/Projects/GPIO_uBlaze_N4/GPIO_uBlaze_N4/GPIO_uBlaze_N4.runs/synth_1/.Xil/Vivado-12312-DESKTOP-19INJQ0/realtime/uBlaze_ilmb_v10_0_stub.vhdl:36]
INFO: [Synth 8-3491] module 'uBlaze_lmb_bram_0' declared at 'C:/Users/Jerome/Desktop/Programming_Learning/FPGA/SoC/Projects/GPIO_uBlaze_N4/GPIO_uBlaze_N4/GPIO_uBlaze_N4.runs/synth_1/.Xil/Vivado-12312-DESKTOP-19INJQ0/realtime/uBlaze_lmb_bram_0_stub.vhdl:5' bound to instance 'lmb_bram' of component 'uBlaze_lmb_bram_0' [C:/Users/Jerome/Desktop/Programming_Learning/FPGA/SoC/Projects/GPIO_uBlaze_N4/GPIO_uBlaze_N4/GPIO_uBlaze_N4.srcs/sources_1/bd/uBlaze/synth/uBlaze.vhd:923]
INFO: [Synth 8-638] synthesizing module 'uBlaze_lmb_bram_0' [C:/Users/Jerome/Desktop/Programming_Learning/FPGA/SoC/Projects/GPIO_uBlaze_N4/GPIO_uBlaze_N4/GPIO_uBlaze_N4.runs/synth_1/.Xil/Vivado-12312-DESKTOP-19INJQ0/realtime/uBlaze_lmb_bram_0_stub.vhdl:27]
INFO: [Synth 8-256] done synthesizing module 'microblaze_0_local_memory_imp_126LSC0' (9#1) [C:/Users/Jerome/Desktop/Programming_Learning/FPGA/SoC/Projects/GPIO_uBlaze_N4/GPIO_uBlaze_N4/GPIO_uBlaze_N4.srcs/sources_1/bd/uBlaze/synth/uBlaze.vhd:545]
INFO: [Synth 8-3491] module 'uBlaze_rst_clk_wiz_0_100M_0' declared at 'C:/Users/Jerome/Desktop/Programming_Learning/FPGA/SoC/Projects/GPIO_uBlaze_N4/GPIO_uBlaze_N4/GPIO_uBlaze_N4.runs/synth_1/.Xil/Vivado-12312-DESKTOP-19INJQ0/realtime/uBlaze_rst_clk_wiz_0_100M_0_stub.vhdl:5' bound to instance 'rst_clk_wiz_0_100M' of component 'uBlaze_rst_clk_wiz_0_100M_0' [C:/Users/Jerome/Desktop/Programming_Learning/FPGA/SoC/Projects/GPIO_uBlaze_N4/GPIO_uBlaze_N4/GPIO_uBlaze_N4.srcs/sources_1/bd/uBlaze/synth/uBlaze.vhd:2947]
INFO: [Synth 8-638] synthesizing module 'uBlaze_rst_clk_wiz_0_100M_0' [C:/Users/Jerome/Desktop/Programming_Learning/FPGA/SoC/Projects/GPIO_uBlaze_N4/GPIO_uBlaze_N4/GPIO_uBlaze_N4.runs/synth_1/.Xil/Vivado-12312-DESKTOP-19INJQ0/realtime/uBlaze_rst_clk_wiz_0_100M_0_stub.vhdl:21]
INFO: [Synth 8-256] done synthesizing module 'uBlaze' (10#1) [C:/Users/Jerome/Desktop/Programming_Learning/FPGA/SoC/Projects/GPIO_uBlaze_N4/GPIO_uBlaze_N4/GPIO_uBlaze_N4.srcs/sources_1/bd/uBlaze/synth/uBlaze.vhd:2106]
INFO: [Synth 8-256] done synthesizing module 'uBlaze_wrapper' (11#1) [C:/Users/Jerome/Desktop/Programming_Learning/FPGA/SoC/Projects/GPIO_uBlaze_N4/GPIO_uBlaze_N4/GPIO_uBlaze_N4.srcs/sources_1/bd/uBlaze/hdl/uBlaze_wrapper.vhd:33]
WARNING: [Synth 8-3331] design s00_couplers_imp_7GLZ7 has unconnected port M_ACLK
WARNING: [Synth 8-3331] design s00_couplers_imp_7GLZ7 has unconnected port M_ARESETN
WARNING: [Synth 8-3331] design s00_couplers_imp_7GLZ7 has unconnected port S_ACLK
WARNING: [Synth 8-3331] design s00_couplers_imp_7GLZ7 has unconnected port S_ARESETN
WARNING: [Synth 8-3331] design m04_couplers_imp_1QZG505 has unconnected port M_ACLK
WARNING: [Synth 8-3331] design m04_couplers_imp_1QZG505 has unconnected port M_ARESETN
WARNING: [Synth 8-3331] design m04_couplers_imp_1QZG505 has unconnected port S_ACLK
WARNING: [Synth 8-3331] design m04_couplers_imp_1QZG505 has unconnected port S_ARESETN
WARNING: [Synth 8-3331] design m03_couplers_imp_8LEMU8 has unconnected port M_ACLK
WARNING: [Synth 8-3331] design m03_couplers_imp_8LEMU8 has unconnected port M_ARESETN
WARNING: [Synth 8-3331] design m03_couplers_imp_8LEMU8 has unconnected port S_ACLK
WARNING: [Synth 8-3331] design m03_couplers_imp_8LEMU8 has unconnected port S_ARESETN
WARNING: [Synth 8-3331] design m02_couplers_imp_1CZONU9 has unconnected port M_ACLK
WARNING: [Synth 8-3331] design m02_couplers_imp_1CZONU9 has unconnected port M_ARESETN
WARNING: [Synth 8-3331] design m02_couplers_imp_1CZONU9 has unconnected port S_ACLK
WARNING: [Synth 8-3331] design m02_couplers_imp_1CZONU9 has unconnected port S_ARESETN
WARNING: [Synth 8-3331] design m01_couplers_imp_16JS5DV has unconnected port M_ACLK
WARNING: [Synth 8-3331] design m01_couplers_imp_16JS5DV has unconnected port M_ARESETN
WARNING: [Synth 8-3331] design m01_couplers_imp_16JS5DV has unconnected port S_ACLK
WARNING: [Synth 8-3331] design m01_couplers_imp_16JS5DV has unconnected port S_ARESETN
WARNING: [Synth 8-3331] design m00_couplers_imp_FBB4YA has unconnected port M_ACLK
WARNING: [Synth 8-3331] design m00_couplers_imp_FBB4YA has unconnected port M_ARESETN
WARNING: [Synth 8-3331] design m00_couplers_imp_FBB4YA has unconnected port S_ACLK
WARNING: [Synth 8-3331] design m00_couplers_imp_FBB4YA has unconnected port S_ARESETN
---------------------------------------------------------------------------------
Finished RTL Elaboration : Time (s): cpu = 00:00:04 ; elapsed = 00:00:05 . Memory (MB): peak = 515.953 ; gain = 158.957
---------------------------------------------------------------------------------

Report Check Netlist: 
+------+------------------+-------+---------+-------+------------------+
|      |Item              |Errors |Warnings |Status |Description       |
+------+------------------+-------+---------+-------+------------------+
|1     |multi_driven_nets |      0|        0|Passed |Multi driven nets |
+------+------------------+-------+---------+-------+------------------+
---------------------------------------------------------------------------------
Start Handling Custom Attributes
---------------------------------------------------------------------------------
---------------------------------------------------------------------------------
Finished Handling Custom Attributes : Time (s): cpu = 00:00:04 ; elapsed = 00:00:05 . Memory (MB): peak = 515.953 ; gain = 158.957
---------------------------------------------------------------------------------
---------------------------------------------------------------------------------
Finished RTL Optimization Phase 1 : Time (s): cpu = 00:00:04 ; elapsed = 00:00:05 . Memory (MB): peak = 515.953 ; gain = 158.957
---------------------------------------------------------------------------------
INFO: [Netlist 29-17] Analyzing 24 Unisim elements for replacement
INFO: [Netlist 29-28] Unisim Transformation completed in 0 CPU seconds
INFO: [Device 21-403] Loading part xc7a100tcsg324-1
INFO: [Project 1-570] Preparing netlist for logic optimization

Processing XDC Constraints
Initializing timing engine
Parsing XDC File [c:/Users/Jerome/Desktop/Programming_Learning/FPGA/SoC/Projects/GPIO_uBlaze_N4/GPIO_uBlaze_N4/GPIO_uBlaze_N4.srcs/sources_1/bd/uBlaze/ip/uBlaze_axi_uartlite_0_0/uBlaze_axi_uartlite_0_0/uBlaze_axi_uartlite_0_0_in_context.xdc] for cell 'uBlaze_i/axi_uartlite_0'
Finished Parsing XDC File [c:/Users/Jerome/Desktop/Programming_Learning/FPGA/SoC/Projects/GPIO_uBlaze_N4/GPIO_uBlaze_N4/GPIO_uBlaze_N4.srcs/sources_1/bd/uBlaze/ip/uBlaze_axi_uartlite_0_0/uBlaze_axi_uartlite_0_0/uBlaze_axi_uartlite_0_0_in_context.xdc] for cell 'uBlaze_i/axi_uartlite_0'
Parsing XDC File [c:/Users/Jerome/Desktop/Programming_Learning/FPGA/SoC/Projects/GPIO_uBlaze_N4/GPIO_uBlaze_N4/GPIO_uBlaze_N4.srcs/sources_1/bd/uBlaze/ip/uBlaze_clk_wiz_0_0/uBlaze_clk_wiz_0_0/uBlaze_clk_wiz_0_0_in_context.xdc] for cell 'uBlaze_i/clk_wiz_0'
Finished Parsing XDC File [c:/Users/Jerome/Desktop/Programming_Learning/FPGA/SoC/Projects/GPIO_uBlaze_N4/GPIO_uBlaze_N4/GPIO_uBlaze_N4.srcs/sources_1/bd/uBlaze/ip/uBlaze_clk_wiz_0_0/uBlaze_clk_wiz_0_0/uBlaze_clk_wiz_0_0_in_context.xdc] for cell 'uBlaze_i/clk_wiz_0'
Parsing XDC File [c:/Users/Jerome/Desktop/Programming_Learning/FPGA/SoC/Projects/GPIO_uBlaze_N4/GPIO_uBlaze_N4/GPIO_uBlaze_N4.srcs/sources_1/bd/uBlaze/ip/uBlaze_mdm_1_0/uBlaze_mdm_1_0/uBlaze_mdm_1_0_in_context.xdc] for cell 'uBlaze_i/mdm_1'
Finished Parsing XDC File [c:/Users/Jerome/Desktop/Programming_Learning/FPGA/SoC/Projects/GPIO_uBlaze_N4/GPIO_uBlaze_N4/GPIO_uBlaze_N4.srcs/sources_1/bd/uBlaze/ip/uBlaze_mdm_1_0/uBlaze_mdm_1_0/uBlaze_mdm_1_0_in_context.xdc] for cell 'uBlaze_i/mdm_1'
Parsing XDC File [c:/Users/Jerome/Desktop/Programming_Learning/FPGA/SoC/Projects/GPIO_uBlaze_N4/GPIO_uBlaze_N4/GPIO_uBlaze_N4.srcs/sources_1/bd/uBlaze/ip/uBlaze_microblaze_0_0/uBlaze_microblaze_0_0/uBlaze_microblaze_0_0_in_context.xdc] for cell 'uBlaze_i/microblaze_0'
Finished Parsing XDC File [c:/Users/Jerome/Desktop/Programming_Learning/FPGA/SoC/Projects/GPIO_uBlaze_N4/GPIO_uBlaze_N4/GPIO_uBlaze_N4.srcs/sources_1/bd/uBlaze/ip/uBlaze_microblaze_0_0/uBlaze_microblaze_0_0/uBlaze_microblaze_0_0_in_context.xdc] for cell 'uBlaze_i/microblaze_0'
Parsing XDC File [c:/Users/Jerome/Desktop/Programming_Learning/FPGA/SoC/Projects/GPIO_uBlaze_N4/GPIO_uBlaze_N4/GPIO_uBlaze_N4.srcs/sources_1/bd/uBlaze/ip/uBlaze_rst_clk_wiz_0_100M_0/uBlaze_rst_clk_wiz_0_100M_0/uBlaze_rst_clk_wiz_0_100M_0_in_context.xdc] for cell 'uBlaze_i/rst_clk_wiz_0_100M'
Finished Parsing XDC File [c:/Users/Jerome/Desktop/Programming_Learning/FPGA/SoC/Projects/GPIO_uBlaze_N4/GPIO_uBlaze_N4/GPIO_uBlaze_N4.srcs/sources_1/bd/uBlaze/ip/uBlaze_rst_clk_wiz_0_100M_0/uBlaze_rst_clk_wiz_0_100M_0/uBlaze_rst_clk_wiz_0_100M_0_in_context.xdc] for cell 'uBlaze_i/rst_clk_wiz_0_100M'
Parsing XDC File [c:/Users/Jerome/Desktop/Programming_Learning/FPGA/SoC/Projects/GPIO_uBlaze_N4/GPIO_uBlaze_N4/GPIO_uBlaze_N4.srcs/sources_1/bd/uBlaze/ip/uBlaze_dlmb_bram_if_cntlr_0/uBlaze_dlmb_bram_if_cntlr_0/uBlaze_dlmb_bram_if_cntlr_0_in_context.xdc] for cell 'uBlaze_i/microblaze_0_local_memory/dlmb_bram_if_cntlr'
Finished Parsing XDC File [c:/Users/Jerome/Desktop/Programming_Learning/FPGA/SoC/Projects/GPIO_uBlaze_N4/GPIO_uBlaze_N4/GPIO_uBlaze_N4.srcs/sources_1/bd/uBlaze/ip/uBlaze_dlmb_bram_if_cntlr_0/uBlaze_dlmb_bram_if_cntlr_0/uBlaze_dlmb_bram_if_cntlr_0_in_context.xdc] for cell 'uBlaze_i/microblaze_0_local_memory/dlmb_bram_if_cntlr'
Parsing XDC File [c:/Users/Jerome/Desktop/Programming_Learning/FPGA/SoC/Projects/GPIO_uBlaze_N4/GPIO_uBlaze_N4/GPIO_uBlaze_N4.srcs/sources_1/bd/uBlaze/ip/uBlaze_dlmb_v10_0/uBlaze_dlmb_v10_0/uBlaze_dlmb_v10_0_in_context.xdc] for cell 'uBlaze_i/microblaze_0_local_memory/dlmb_v10'
Finished Parsing XDC File [c:/Users/Jerome/Desktop/Programming_Learning/FPGA/SoC/Projects/GPIO_uBlaze_N4/GPIO_uBlaze_N4/GPIO_uBlaze_N4.srcs/sources_1/bd/uBlaze/ip/uBlaze_dlmb_v10_0/uBlaze_dlmb_v10_0/uBlaze_dlmb_v10_0_in_context.xdc] for cell 'uBlaze_i/microblaze_0_local_memory/dlmb_v10'
Parsing XDC File [c:/Users/Jerome/Desktop/Programming_Learning/FPGA/SoC/Projects/GPIO_uBlaze_N4/GPIO_uBlaze_N4/GPIO_uBlaze_N4.srcs/sources_1/bd/uBlaze/ip/uBlaze_ilmb_bram_if_cntlr_0/uBlaze_ilmb_bram_if_cntlr_0/uBlaze_ilmb_bram_if_cntlr_0_in_context.xdc] for cell 'uBlaze_i/microblaze_0_local_memory/ilmb_bram_if_cntlr'
Finished Parsing XDC File [c:/Users/Jerome/Desktop/Programming_Learning/FPGA/SoC/Projects/GPIO_uBlaze_N4/GPIO_uBlaze_N4/GPIO_uBlaze_N4.srcs/sources_1/bd/uBlaze/ip/uBlaze_ilmb_bram_if_cntlr_0/uBlaze_ilmb_bram_if_cntlr_0/uBlaze_ilmb_bram_if_cntlr_0_in_context.xdc] for cell 'uBlaze_i/microblaze_0_local_memory/ilmb_bram_if_cntlr'
Parsing XDC File [c:/Users/Jerome/Desktop/Programming_Learning/FPGA/SoC/Projects/GPIO_uBlaze_N4/GPIO_uBlaze_N4/GPIO_uBlaze_N4.srcs/sources_1/bd/uBlaze/ip/uBlaze_ilmb_v10_0/uBlaze_ilmb_v10_0/uBlaze_dlmb_v10_0_in_context.xdc] for cell 'uBlaze_i/microblaze_0_local_memory/ilmb_v10'
Finished Parsing XDC File [c:/Users/Jerome/Desktop/Programming_Learning/FPGA/SoC/Projects/GPIO_uBlaze_N4/GPIO_uBlaze_N4/GPIO_uBlaze_N4.srcs/sources_1/bd/uBlaze/ip/uBlaze_ilmb_v10_0/uBlaze_ilmb_v10_0/uBlaze_dlmb_v10_0_in_context.xdc] for cell 'uBlaze_i/microblaze_0_local_memory/ilmb_v10'
Parsing XDC File [c:/Users/Jerome/Desktop/Programming_Learning/FPGA/SoC/Projects/GPIO_uBlaze_N4/GPIO_uBlaze_N4/GPIO_uBlaze_N4.srcs/sources_1/bd/uBlaze/ip/uBlaze_lmb_bram_0/uBlaze_lmb_bram_0/uBlaze_lmb_bram_0_in_context.xdc] for cell 'uBlaze_i/microblaze_0_local_memory/lmb_bram'
Finished Parsing XDC File [c:/Users/Jerome/Desktop/Programming_Learning/FPGA/SoC/Projects/GPIO_uBlaze_N4/GPIO_uBlaze_N4/GPIO_uBlaze_N4.srcs/sources_1/bd/uBlaze/ip/uBlaze_lmb_bram_0/uBlaze_lmb_bram_0/uBlaze_lmb_bram_0_in_context.xdc] for cell 'uBlaze_i/microblaze_0_local_memory/lmb_bram'
Parsing XDC File [c:/Users/Jerome/Desktop/Programming_Learning/FPGA/SoC/Projects/GPIO_uBlaze_N4/GPIO_uBlaze_N4/GPIO_uBlaze_N4.srcs/sources_1/bd/uBlaze/ip/uBlaze_xbar_0/uBlaze_xbar_0/uBlaze_xbar_0_in_context.xdc] for cell 'uBlaze_i/microblaze_0_axi_periph/xbar'
Finished Parsing XDC File [c:/Users/Jerome/Desktop/Programming_Learning/FPGA/SoC/Projects/GPIO_uBlaze_N4/GPIO_uBlaze_N4/GPIO_uBlaze_N4.srcs/sources_1/bd/uBlaze/ip/uBlaze_xbar_0/uBlaze_xbar_0/uBlaze_xbar_0_in_context.xdc] for cell 'uBlaze_i/microblaze_0_axi_periph/xbar'
Parsing XDC File [c:/Users/Jerome/Desktop/Programming_Learning/FPGA/SoC/Projects/GPIO_uBlaze_N4/GPIO_uBlaze_N4/GPIO_uBlaze_N4.srcs/sources_1/bd/uBlaze/ip/uBlaze_axi_gpio_0_0/uBlaze_axi_gpio_0_0/uBlaze_axi_gpio_0_0_in_context.xdc] for cell 'uBlaze_i/axi_gpio_0'
Finished Parsing XDC File [c:/Users/Jerome/Desktop/Programming_Learning/FPGA/SoC/Projects/GPIO_uBlaze_N4/GPIO_uBlaze_N4/GPIO_uBlaze_N4.srcs/sources_1/bd/uBlaze/ip/uBlaze_axi_gpio_0_0/uBlaze_axi_gpio_0_0/uBlaze_axi_gpio_0_0_in_context.xdc] for cell 'uBlaze_i/axi_gpio_0'
Parsing XDC File [c:/Users/Jerome/Desktop/Programming_Learning/FPGA/SoC/Projects/GPIO_uBlaze_N4/GPIO_uBlaze_N4/GPIO_uBlaze_N4.srcs/sources_1/bd/uBlaze/ip/uBlaze_axi_gpio_1_1/uBlaze_axi_gpio_1_1/uBlaze_axi_gpio_1_1_in_context.xdc] for cell 'uBlaze_i/axi_gpio_1'
Finished Parsing XDC File [c:/Users/Jerome/Desktop/Programming_Learning/FPGA/SoC/Projects/GPIO_uBlaze_N4/GPIO_uBlaze_N4/GPIO_uBlaze_N4.srcs/sources_1/bd/uBlaze/ip/uBlaze_axi_gpio_1_1/uBlaze_axi_gpio_1_1/uBlaze_axi_gpio_1_1_in_context.xdc] for cell 'uBlaze_i/axi_gpio_1'
Parsing XDC File [c:/Users/Jerome/Desktop/Programming_Learning/FPGA/SoC/Projects/GPIO_uBlaze_N4/GPIO_uBlaze_N4/GPIO_uBlaze_N4.srcs/sources_1/bd/uBlaze/ip/uBlaze_PmodACL2_0_0/uBlaze_PmodACL2_0_0/uBlaze_PmodACL2_0_0_in_context.xdc] for cell 'uBlaze_i/PmodACL2_0'
Finished Parsing XDC File [c:/Users/Jerome/Desktop/Programming_Learning/FPGA/SoC/Projects/GPIO_uBlaze_N4/GPIO_uBlaze_N4/GPIO_uBlaze_N4.srcs/sources_1/bd/uBlaze/ip/uBlaze_PmodACL2_0_0/uBlaze_PmodACL2_0_0/uBlaze_PmodACL2_0_0_in_context.xdc] for cell 'uBlaze_i/PmodACL2_0'
Parsing XDC File [C:/Users/Jerome/Desktop/Programming_Learning/FPGA/SoC/Projects/GPIO_uBlaze_N4/GPIO_uBlaze_N4/GPIO_uBlaze_N4.runs/synth_1/dont_touch.xdc]
Finished Parsing XDC File [C:/Users/Jerome/Desktop/Programming_Learning/FPGA/SoC/Projects/GPIO_uBlaze_N4/GPIO_uBlaze_N4/GPIO_uBlaze_N4.runs/synth_1/dont_touch.xdc]
Completed Processing XDC Constraints

INFO: [Project 1-111] Unisim Transformation Summary:
  A total of 24 instances were transformed.
  IOBUF => IOBUF (IBUF, OBUFT): 24 instances

Constraint Validation Runtime : Time (s): cpu = 00:00:00 ; elapsed = 00:00:00.080 . Memory (MB): peak = 832.344 ; gain = 0.117
WARNING: [Timing 38-316] Clock period '20.000' specified during out-of-context synthesis of instance 'uBlaze_i/microblaze_0_local_memory/lmb_bram' at clock pin 'clka' is different from the actual clock period '10.000', this can lead to different synthesis results.
---------------------------------------------------------------------------------
Finished Constraint Validation : Time (s): cpu = 00:00:16 ; elapsed = 00:00:19 . Memory (MB): peak = 833.910 ; gain = 476.914
---------------------------------------------------------------------------------
---------------------------------------------------------------------------------
Start Loading Part and Timing Information
---------------------------------------------------------------------------------
Loading part: xc7a100tcsg324-1
---------------------------------------------------------------------------------
Finished Loading Part and Timing Information : Time (s): cpu = 00:00:16 ; elapsed = 00:00:19 . Memory (MB): peak = 833.910 ; gain = 476.914
---------------------------------------------------------------------------------
---------------------------------------------------------------------------------
Start Applying 'set_property' XDC Constraints
---------------------------------------------------------------------------------
Applied set_property IO_BUFFER_TYPE = NONE for sys_clock. (constraint file  c:/Users/Jerome/Desktop/Programming_Learning/FPGA/SoC/Projects/GPIO_uBlaze_N4/GPIO_uBlaze_N4/GPIO_uBlaze_N4.srcs/sources_1/bd/uBlaze/ip/uBlaze_clk_wiz_0_0/uBlaze_clk_wiz_0_0/uBlaze_clk_wiz_0_0_in_context.xdc, line 3).
Applied set_property CLOCK_BUFFER_TYPE = NONE for sys_clock. (constraint file  c:/Users/Jerome/Desktop/Programming_Learning/FPGA/SoC/Projects/GPIO_uBlaze_N4/GPIO_uBlaze_N4/GPIO_uBlaze_N4.srcs/sources_1/bd/uBlaze/ip/uBlaze_clk_wiz_0_0/uBlaze_clk_wiz_0_0/uBlaze_clk_wiz_0_0_in_context.xdc, line 4).
Applied set_property DONT_TOUCH = true for uBlaze_i. (constraint file  auto generated constraint, line ).
Applied set_property DONT_TOUCH = true for uBlaze_i/axi_uartlite_0. (constraint file  auto generated constraint, line ).
Applied set_property DONT_TOUCH = true for uBlaze_i/clk_wiz_0. (constraint file  auto generated constraint, line ).
Applied set_property DONT_TOUCH = true for uBlaze_i/mdm_1. (constraint file  auto generated constraint, line ).
Applied set_property DONT_TOUCH = true for uBlaze_i/microblaze_0. (constraint file  auto generated constraint, line ).
Applied set_property DONT_TOUCH = true for uBlaze_i/microblaze_0_axi_periph. (constraint file  auto generated constraint, line ).
Applied set_property DONT_TOUCH = true for uBlaze_i/rst_clk_wiz_0_100M. (constraint file  auto generated constraint, line ).
Applied set_property DONT_TOUCH = true for uBlaze_i/microblaze_0_local_memory/dlmb_bram_if_cntlr. (constraint file  auto generated constraint, line ).
Applied set_property DONT_TOUCH = true for uBlaze_i/microblaze_0_local_memory/dlmb_v10. (constraint file  auto generated constraint, line ).
Applied set_property DONT_TOUCH = true for uBlaze_i/microblaze_0_local_memory/ilmb_bram_if_cntlr. (constraint file  auto generated constraint, line ).
Applied set_property DONT_TOUCH = true for uBlaze_i/microblaze_0_local_memory/ilmb_v10. (constraint file  auto generated constraint, line ).
Applied set_property DONT_TOUCH = true for uBlaze_i/microblaze_0_local_memory/lmb_bram. (constraint file  auto generated constraint, line ).
Applied set_property DONT_TOUCH = true for uBlaze_i/microblaze_0_axi_periph/xbar. (constraint file  auto generated constraint, line ).
Applied set_property DONT_TOUCH = true for uBlaze_i/axi_gpio_0. (constraint file  auto generated constraint, line ).
Applied set_property DONT_TOUCH = true for uBlaze_i/axi_gpio_1. (constraint file  auto generated constraint, line ).
Applied set_property DONT_TOUCH = true for uBlaze_i/PmodACL2_0. (constraint file  auto generated constraint, line ).
---------------------------------------------------------------------------------
Finished applying 'set_property' XDC Constraints : Time (s): cpu = 00:00:16 ; elapsed = 00:00:19 . Memory (MB): peak = 833.910 ; gain = 476.914
---------------------------------------------------------------------------------
---------------------------------------------------------------------------------
Finished RTL Optimization Phase 2 : Time (s): cpu = 00:00:16 ; elapsed = 00:00:20 . Memory (MB): peak = 833.910 ; gain = 476.914
---------------------------------------------------------------------------------

Report RTL Partitions: 
+-+--------------+------------+----------+
| |RTL Partition |Replication |Instances |
+-+--------------+------------+----------+
+-+--------------+------------+----------+
---------------------------------------------------------------------------------
Start RTL Component Statistics 
---------------------------------------------------------------------------------
Detailed RTL Component Info : 
---------------------------------------------------------------------------------
Finished RTL Component Statistics 
---------------------------------------------------------------------------------
---------------------------------------------------------------------------------
Start RTL Hierarchical Component Statistics 
---------------------------------------------------------------------------------
Hierarchical RTL Component report 
---------------------------------------------------------------------------------
Finished RTL Hierarchical Component Statistics
---------------------------------------------------------------------------------
---------------------------------------------------------------------------------
Start Part Resource Summary
---------------------------------------------------------------------------------
Part Resources:
DSPs: 240 (col length:80)
BRAMs: 270 (col length: RAMB18 80 RAMB36 40)
---------------------------------------------------------------------------------
Finished Part Resource Summary
---------------------------------------------------------------------------------
---------------------------------------------------------------------------------
Start Cross Boundary and Area Optimization
---------------------------------------------------------------------------------
Warning: Parallel synthesis criteria is not met 
WARNING: [Synth 8-3331] design uBlaze_microblaze_0_axi_periph_0 has unconnected port M00_ACLK
WARNING: [Synth 8-3331] design uBlaze_microblaze_0_axi_periph_0 has unconnected port M00_ARESETN
WARNING: [Synth 8-3331] design uBlaze_microblaze_0_axi_periph_0 has unconnected port M01_ACLK
WARNING: [Synth 8-3331] design uBlaze_microblaze_0_axi_periph_0 has unconnected port M01_ARESETN
WARNING: [Synth 8-3331] design uBlaze_microblaze_0_axi_periph_0 has unconnected port M02_ACLK
WARNING: [Synth 8-3331] design uBlaze_microblaze_0_axi_periph_0 has unconnected port M02_ARESETN
WARNING: [Synth 8-3331] design uBlaze_microblaze_0_axi_periph_0 has unconnected port M03_ACLK
WARNING: [Synth 8-3331] design uBlaze_microblaze_0_axi_periph_0 has unconnected port M03_ARESETN
WARNING: [Synth 8-3331] design uBlaze_microblaze_0_axi_periph_0 has unconnected port M04_ACLK
WARNING: [Synth 8-3331] design uBlaze_microblaze_0_axi_periph_0 has unconnected port M04_ARESETN
WARNING: [Synth 8-3331] design uBlaze_microblaze_0_axi_periph_0 has unconnected port S00_ACLK
WARNING: [Synth 8-3331] design uBlaze_microblaze_0_axi_periph_0 has unconnected port S00_ARESETN
---------------------------------------------------------------------------------
Finished Cross Boundary and Area Optimization : Time (s): cpu = 00:00:17 ; elapsed = 00:00:21 . Memory (MB): peak = 833.910 ; gain = 476.914
---------------------------------------------------------------------------------

Report RTL Partitions: 
+-+--------------+------------+----------+
| |RTL Partition |Replication |Instances |
+-+--------------+------------+----------+
+-+--------------+------------+----------+
---------------------------------------------------------------------------------
Start Applying XDC Timing Constraints
---------------------------------------------------------------------------------
INFO: [Synth 8-5578] Moved timing constraint from pin 'uBlaze_i/clk_wiz_0/clk_out1' to pin 'uBlaze_i/clk_wiz_0/bbstub_clk_out1/O'
INFO: [Synth 8-5578] Moved timing constraint from pin 'uBlaze_i/mdm_1/Dbg_Clk_0' to pin 'uBlaze_i/mdm_1/bbstub_Dbg_Clk_0/O'
INFO: [Synth 8-5578] Moved timing constraint from pin 'uBlaze_i/mdm_1/Dbg_Update_0' to pin 'uBlaze_i/mdm_1/bbstub_Dbg_Update_0/O'
INFO: [Synth 8-5578] Moved timing constraint from pin 'uBlaze_i/microblaze_0_local_memory/dlmb_bram_if_cntlr/BRAM_Clk_A' to pin 'uBlaze_i/microblaze_0_local_memory/dlmb_bram_if_cntlr/bbstub_BRAM_Clk_A/O'
INFO: [Synth 8-5578] Moved timing constraint from pin 'uBlaze_i/microblaze_0_local_memory/ilmb_bram_if_cntlr/BRAM_Clk_A' to pin 'uBlaze_i/microblaze_0_local_memory/ilmb_bram_if_cntlr/bbstub_BRAM_Clk_A/O'
INFO: [Synth 8-5819] Moved 5 constraints on hierarchical pins to their respective driving/loading pins
---------------------------------------------------------------------------------
Finished Applying XDC Timing Constraints : Time (s): cpu = 00:00:29 ; elapsed = 00:00:33 . Memory (MB): peak = 833.910 ; gain = 476.914
---------------------------------------------------------------------------------
---------------------------------------------------------------------------------
Start Timing Optimization
---------------------------------------------------------------------------------
---------------------------------------------------------------------------------
Finished Timing Optimization : Time (s): cpu = 00:00:29 ; elapsed = 00:00:33 . Memory (MB): peak = 833.910 ; gain = 476.914
---------------------------------------------------------------------------------

Report RTL Partitions: 
+-+--------------+------------+----------+
| |RTL Partition |Replication |Instances |
+-+--------------+------------+----------+
+-+--------------+------------+----------+
---------------------------------------------------------------------------------
Start Technology Mapping
---------------------------------------------------------------------------------
---------------------------------------------------------------------------------
Finished Technology Mapping : Time (s): cpu = 00:00:29 ; elapsed = 00:00:33 . Memory (MB): peak = 833.910 ; gain = 476.914
---------------------------------------------------------------------------------

Report RTL Partitions: 
+-+--------------+------------+----------+
| |RTL Partition |Replication |Instances |
+-+--------------+------------+----------+
+-+--------------+------------+----------+
---------------------------------------------------------------------------------
Start IO Insertion
---------------------------------------------------------------------------------
---------------------------------------------------------------------------------
Start Flattening Before IO Insertion
---------------------------------------------------------------------------------
---------------------------------------------------------------------------------
Finished Flattening Before IO Insertion
---------------------------------------------------------------------------------
---------------------------------------------------------------------------------
Start Final Netlist Cleanup
---------------------------------------------------------------------------------
---------------------------------------------------------------------------------
Finished Final Netlist Cleanup
---------------------------------------------------------------------------------
---------------------------------------------------------------------------------
Finished IO Insertion : Time (s): cpu = 00:00:30 ; elapsed = 00:00:35 . Memory (MB): peak = 834.246 ; gain = 477.250
---------------------------------------------------------------------------------

Report Check Netlist: 
+------+------------------+-------+---------+-------+------------------+
|      |Item              |Errors |Warnings |Status |Description       |
+------+------------------+-------+---------+-------+------------------+
|1     |multi_driven_nets |      0|        0|Passed |Multi driven nets |
+------+------------------+-------+---------+-------+------------------+
---------------------------------------------------------------------------------
Start Renaming Generated Instances
---------------------------------------------------------------------------------
---------------------------------------------------------------------------------
Finished Renaming Generated Instances : Time (s): cpu = 00:00:30 ; elapsed = 00:00:35 . Memory (MB): peak = 834.246 ; gain = 477.250
---------------------------------------------------------------------------------

Report RTL Partitions: 
+-+--------------+------------+----------+
| |RTL Partition |Replication |Instances |
+-+--------------+------------+----------+
+-+--------------+------------+----------+
---------------------------------------------------------------------------------
Start Rebuilding User Hierarchy
---------------------------------------------------------------------------------
---------------------------------------------------------------------------------
Finished Rebuilding User Hierarchy : Time (s): cpu = 00:00:30 ; elapsed = 00:00:35 . Memory (MB): peak = 834.246 ; gain = 477.250
---------------------------------------------------------------------------------
---------------------------------------------------------------------------------
Start Renaming Generated Ports
---------------------------------------------------------------------------------
---------------------------------------------------------------------------------
Finished Renaming Generated Ports : Time (s): cpu = 00:00:30 ; elapsed = 00:00:35 . Memory (MB): peak = 834.246 ; gain = 477.250
---------------------------------------------------------------------------------
---------------------------------------------------------------------------------
Start Handling Custom Attributes
---------------------------------------------------------------------------------
---------------------------------------------------------------------------------
Finished Handling Custom Attributes : Time (s): cpu = 00:00:30 ; elapsed = 00:00:35 . Memory (MB): peak = 834.246 ; gain = 477.250
---------------------------------------------------------------------------------
---------------------------------------------------------------------------------
Start Renaming Generated Nets
---------------------------------------------------------------------------------
---------------------------------------------------------------------------------
Finished Renaming Generated Nets : Time (s): cpu = 00:00:30 ; elapsed = 00:00:35 . Memory (MB): peak = 834.246 ; gain = 477.250
---------------------------------------------------------------------------------
---------------------------------------------------------------------------------
Start Writing Synthesis Report
---------------------------------------------------------------------------------

Report BlackBoxes: 
+------+----------------------------+----------+
|      |BlackBox name               |Instances |
+------+----------------------------+----------+
|1     |uBlaze_xbar_0               |         1|
|2     |uBlaze_PmodACL2_0_0         |         1|
|3     |uBlaze_axi_gpio_0_0         |         1|
|4     |uBlaze_axi_gpio_1_1         |         1|
|5     |uBlaze_axi_uartlite_0_0     |         1|
|6     |uBlaze_clk_wiz_0_0          |         1|
|7     |uBlaze_mdm_1_0              |         1|
|8     |uBlaze_microblaze_0_0       |         1|
|9     |uBlaze_rst_clk_wiz_0_100M_0 |         1|
|10    |uBlaze_dlmb_bram_if_cntlr_0 |         1|
|11    |uBlaze_dlmb_v10_0           |         1|
|12    |uBlaze_ilmb_bram_if_cntlr_0 |         1|
|13    |uBlaze_ilmb_v10_0           |         1|
|14    |uBlaze_lmb_bram_0           |         1|
+------+----------------------------+----------+

Report Cell Usage: 
+------+------------------------------------+------+
|      |Cell                                |Count |
+------+------------------------------------+------+
|1     |uBlaze_PmodACL2_0_0_bbox_0          |     1|
|2     |uBlaze_axi_gpio_0_0_bbox_1          |     1|
|3     |uBlaze_axi_gpio_1_1_bbox_2          |     1|
|4     |uBlaze_axi_uartlite_0_0_bbox_3      |     1|
|5     |uBlaze_clk_wiz_0_0_bbox_4           |     1|
|6     |uBlaze_dlmb_bram_if_cntlr_0_bbox_8  |     1|
|7     |uBlaze_dlmb_v10_0_bbox_9            |     1|
|8     |uBlaze_ilmb_bram_if_cntlr_0_bbox_10 |     1|
|9     |uBlaze_ilmb_v10_0_bbox_11           |     1|
|10    |uBlaze_lmb_bram_0_bbox_12           |     1|
|11    |uBlaze_mdm_1_0_bbox_5               |     1|
|12    |uBlaze_microblaze_0_0_bbox_6        |     1|
|13    |uBlaze_rst_clk_wiz_0_100M_0_bbox_13 |     1|
|14    |uBlaze_xbar_0_bbox_7                |     1|
|15    |IBUF                                |    18|
|16    |IOBUF                               |    24|
|17    |OBUF                                |     1|
+------+------------------------------------+------+

Report Instance Areas: 
+------+------------------------------+--------------------------------------+------+
|      |Instance                      |Module                                |Cells |
+------+------------------------------+--------------------------------------+------+
|1     |top                           |                                      |  1633|
|2     |  uBlaze_i                    |uBlaze                                |  1590|
|3     |    microblaze_0_axi_periph   |uBlaze_microblaze_0_axi_periph_0      |   596|
|4     |    microblaze_0_local_memory |microblaze_0_local_memory_imp_126LSC0 |   496|
+------+------------------------------+--------------------------------------+------+
---------------------------------------------------------------------------------
Finished Writing Synthesis Report : Time (s): cpu = 00:00:30 ; elapsed = 00:00:35 . Memory (MB): peak = 834.246 ; gain = 477.250
---------------------------------------------------------------------------------
Synthesis finished with 0 errors, 0 critical warnings and 12 warnings.
Synthesis Optimization Runtime : Time (s): cpu = 00:00:18 ; elapsed = 00:00:24 . Memory (MB): peak = 834.246 ; gain = 159.293
Synthesis Optimization Complete : Time (s): cpu = 00:00:31 ; elapsed = 00:00:35 . Memory (MB): peak = 834.246 ; gain = 477.250
INFO: [Project 1-571] Translating synthesized netlist
INFO: [Netlist 29-17] Analyzing 42 Unisim elements for replacement
INFO: [Netlist 29-28] Unisim Transformation completed in 0 CPU seconds
INFO: [Project 1-570] Preparing netlist for logic optimization
INFO: [Opt 31-138] Pushed 0 inverter(s) to 0 load pin(s).
INFO: [Project 1-111] Unisim Transformation Summary:
  A total of 24 instances were transformed.
  IOBUF => IOBUF (IBUF, OBUFT): 24 instances

INFO: [Common 17-83] Releasing license: Synthesis
97 Infos, 37 Warnings, 0 Critical Warnings and 0 Errors encountered.
synth_design completed successfully
synth_design: Time (s): cpu = 00:00:33 ; elapsed = 00:00:38 . Memory (MB): peak = 856.828 ; gain = 506.742
WARNING: [Constraints 18-5210] No constraint will be written out.
INFO: [Common 17-1381] The checkpoint 'C:/Users/Jerome/Desktop/Programming_Learning/FPGA/SoC/Projects/GPIO_uBlaze_N4/GPIO_uBlaze_N4/GPIO_uBlaze_N4.runs/synth_1/uBlaze_wrapper.dcp' has been generated.
INFO: [runtcl-4] Executing : report_utilization -file uBlaze_wrapper_utilization_synth.rpt -pb uBlaze_wrapper_utilization_synth.pb
report_utilization: Time (s): cpu = 00:00:00 ; elapsed = 00:00:00.076 . Memory (MB): peak = 857.148 ; gain = 0.000
INFO: [Common 17-206] Exiting Vivado at Sun Oct 14 21:16:08 2018...
